{
  "stats": {
    "suites": 2,
    "tests": 1,
    "passes": 0,
    "pending": 0,
    "failures": 1,
    "start": "2023-11-10T12:53:47.078Z",
    "end": "2023-11-10T12:53:51.394Z",
    "duration": 4316,
    "testsRegistered": 1,
    "passPercent": 0,
    "pendingPercent": 0,
    "other": 0,
    "hasOther": false,
    "skipped": 0,
    "hasSkipped": false
  },
  "results": [
    {
      "uuid": "2bd975db-0ce3-4bfd-b0e5-1a43bab3f00d",
      "title": "",
      "fullFile": "cypress\\tests\\app.cy.js",
      "file": "cypress\\tests\\app.cy.js",
      "beforeHooks": [],
      "afterHooks": [],
      "tests": [],
      "suites": [
        {
          "uuid": "2d06c149-3c0a-4d88-86c6-66dd8dac89c7",
          "title": "TodoMVC - React",
          "fullFile": "",
          "file": "",
          "beforeHooks": [],
          "afterHooks": [],
          "tests": [],
          "suites": [
            {
              "uuid": "894acca8-b27e-4bb1-9d4d-38e17c539ca0",
              "title": "Add todo test presentation",
              "fullFile": "",
              "file": "",
              "beforeHooks": [],
              "afterHooks": [],
              "tests": [
                {
                  "title": "Should add 2 todos",
                  "fullTitle": "TodoMVC - React Add todo test presentation Should add 2 todos",
                  "timedOut": null,
                  "duration": 4208,
                  "state": "failed",
                  "speed": null,
                  "pass": false,
                  "fail": true,
                  "pending": false,
                  "context": null,
                  "code": "cy.fixture('todo').then(testDataObject => {\n  console.log(testDataObject.name_1);\n});\ncy.get('.new-todo').type('learn testing{enter}').type('be cool{enter}');\ncy.get('').should('have.length', 2);",
                  "err": {
                    "message": "AssertionError: Timed out retrying after 4000ms: Expected to find element: `.new-todo`, but never found it.",
                    "estack": "AssertionError: Timed out retrying after 4000ms: Expected to find element: `.new-todo`, but never found it.\n    at Context.eval (webpack://automation-practice/./cypress/tests/app.cy.js:46:6)",
                    "diff": null
                  },
                  "uuid": "74fa3f28-b3e2-47d8-9714-ce6afaf1bd60",
                  "parentUUID": "894acca8-b27e-4bb1-9d4d-38e17c539ca0",
                  "isHook": false,
                  "skipped": false
                }
              ],
              "suites": [],
              "passes": [],
              "failures": [
                "74fa3f28-b3e2-47d8-9714-ce6afaf1bd60"
              ],
              "pending": [],
              "skipped": [],
              "duration": 4208,
              "root": false,
              "rootEmpty": false,
              "_timeout": 2000
            }
          ],
          "passes": [],
          "failures": [],
          "pending": [],
          "skipped": [],
          "duration": 0,
          "root": false,
          "rootEmpty": false,
          "_timeout": 2000
        }
      ],
      "passes": [],
      "failures": [],
      "pending": [],
      "skipped": [],
      "duration": 0,
      "root": true,
      "rootEmpty": true,
      "_timeout": 2000
    }
  ],
  "meta": {
    "mocha": {
      "version": "7.0.1"
    },
    "mochawesome": {
      "options": {
        "quiet": false,
        "reportFilename": "mochawesome",
        "saveHtml": true,
        "saveJson": true,
        "consoleReporter": "spec",
        "useInlineDiffs": false,
        "code": true
      },
      "version": "7.1.3"
    },
    "marge": {
      "options": {
        "reportDir": "cypress/results/reports",
        "overwrite": false,
        "html": true,
        "json": true
      },
      "version": "6.2.0"
    }
  }
}