{
  "stats": {
    "suites": 2,
    "tests": 2,
    "passes": 2,
    "pending": 0,
    "failures": 0,
    "start": "2022-12-07T08:19:35.071Z",
    "end": "2022-12-07T08:19:39.084Z",
    "duration": 4013,
    "testsRegistered": 2,
    "passPercent": 100,
    "pendingPercent": 0,
    "other": 0,
    "hasOther": false,
    "skipped": 0,
    "hasSkipped": false
  },
  "results": [
    {
      "uuid": "cf69523b-45ee-4733-ac65-456f7e5c466e",
      "title": "",
      "fullFile": "cypress\\tests\\exampleTests.js",
      "file": "cypress\\tests\\exampleTests.js",
      "beforeHooks": [],
      "afterHooks": [],
      "tests": [],
      "suites": [
        {
          "uuid": "3ff8fd0d-c92e-4ec0-bef9-470119d8b97d",
          "title": "Example tests for Testerzy.pl APP",
          "fullFile": "",
          "file": "",
          "beforeHooks": [],
          "afterHooks": [],
          "tests": [],
          "suites": [
            {
              "uuid": "6338a638-fbc1-48b8-8746-297843ad23aa",
              "title": "Check trainings elements on main site",
              "fullFile": "",
              "file": "",
              "beforeHooks": [],
              "afterHooks": [],
              "tests": [
                {
                  "title": "Popular training should be visible",
                  "fullTitle": "Example tests for Testerzy.pl APP Check trainings elements on main site Popular training should be visible",
                  "timedOut": null,
                  "duration": 2939,
                  "state": "passed",
                  "speed": "fast",
                  "pass": true,
                  "fail": false,
                  "pending": false,
                  "context": null,
                  "code": "checkTrainingsElements('.col-12.p-3', '.col-auto.training-free-seats');",
                  "err": {},
                  "uuid": "362d859e-1b52-4131-b8fb-c38d4b3ae278",
                  "parentUUID": "6338a638-fbc1-48b8-8746-297843ad23aa",
                  "isHook": false,
                  "skipped": false
                },
                {
                  "title": "Popular training should be visible",
                  "fullTitle": "Example tests for Testerzy.pl APP Check trainings elements on main site Popular training should be visible",
                  "timedOut": null,
                  "duration": 1030,
                  "state": "passed",
                  "speed": "fast",
                  "pass": true,
                  "fail": false,
                  "pending": false,
                  "context": null,
                  "code": "checkTrainingsElements('div.position-relative:nth-child(2) > div:nth-child(2) > div:nth-child(1) > a:nth-child(2) > div:nth-child(1)', '.col-auto.training-free-seats', 'div.position-relative:nth-child(2) > div:nth-child(2) > div:nth-child(1) > a:nth-child(2) > div:nth-child(1) > div:nth-child(1) > div:nth-child(3) > span:nth-child(1) > img:nth-child(1)');",
                  "err": {},
                  "uuid": "e28e632e-8737-403e-962b-c4a30c03b53b",
                  "parentUUID": "6338a638-fbc1-48b8-8746-297843ad23aa",
                  "isHook": false,
                  "skipped": false
                }
              ],
              "suites": [],
              "passes": [
                "362d859e-1b52-4131-b8fb-c38d4b3ae278",
                "e28e632e-8737-403e-962b-c4a30c03b53b"
              ],
              "failures": [],
              "pending": [],
              "skipped": [],
              "duration": 3969,
              "root": false,
              "rootEmpty": false,
              "_timeout": 2000
            }
          ],
          "passes": [],
          "failures": [],
          "pending": [],
          "skipped": [],
          "duration": 0,
          "root": false,
          "rootEmpty": false,
          "_timeout": 2000
        }
      ],
      "passes": [],
      "failures": [],
      "pending": [],
      "skipped": [],
      "duration": 0,
      "root": true,
      "rootEmpty": true,
      "_timeout": 2000
    }
  ],
  "meta": {
    "mocha": {
      "version": "7.0.1"
    },
    "mochawesome": {
      "options": {
        "quiet": false,
        "reportFilename": "mochawesome",
        "saveHtml": true,
        "saveJson": true,
        "consoleReporter": "spec",
        "useInlineDiffs": false,
        "code": true
      },
      "version": "7.1.3"
    },
    "marge": {
      "options": {
        "reportDir": "cypress/results/reports",
        "overwrite": false,
        "html": true,
        "json": true
      },
      "version": "6.2.0"
    }
  }
}