{
  "stats": {
    "suites": 2,
    "tests": 1,
    "passes": 1,
    "pending": 0,
    "failures": 0,
    "start": "2022-12-07T08:19:40.707Z",
    "end": "2022-12-07T08:20:50.375Z",
    "duration": 69668,
    "testsRegistered": 1,
    "passPercent": 100,
    "pendingPercent": 0,
    "other": 0,
    "hasOther": false,
    "skipped": 0,
    "hasSkipped": false
  },
  "results": [
    {
      "uuid": "9cbc2c8a-8586-4f84-96a2-cc2951c4b8b8",
      "title": "",
      "fullFile": "cypress\\tests\\testArenaTests.js",
      "file": "cypress\\tests\\testArenaTests.js",
      "beforeHooks": [],
      "afterHooks": [],
      "tests": [],
      "suites": [
        {
          "uuid": "33e88d59-5029-4368-a4c3-bb7be48b4cbf",
          "title": "Example tests for Testarena APP",
          "fullFile": "",
          "file": "",
          "beforeHooks": [],
          "afterHooks": [],
          "tests": [],
          "suites": [
            {
              "uuid": "a28f7eec-9a75-4b88-9a75-69a8bc5dc21e",
              "title": "Example test base tests",
              "fullFile": "",
              "file": "",
              "beforeHooks": [],
              "afterHooks": [],
              "tests": [
                {
                  "title": "Example test add test to test base",
                  "fullTitle": "Example tests for Testarena APP Example test base tests Example test add test to test base",
                  "timedOut": null,
                  "duration": 67771,
                  "state": "passed",
                  "speed": "slow",
                  "pass": true,
                  "fail": false,
                  "pending": false,
                  "context": null,
                  "code": "cy.visit('http://demo.testarena.pl/zaloguj');\n_loginPage.loginPage.login();\n_mainPage.mainPage.goToTestBase();\n_testBasePage.testBasePage.addTestToTestBase(1, 'Przypadek testowy', _testBasePage.testBasePage.randomString(200), _testBasePage.testBasePage.randomString(4500), _testBasePage.testBasePage.randomString(300));\n_testBasePage.testBasePage.checkAddedTest();",
                  "err": {},
                  "uuid": "cbc17a6a-2b37-4875-aa58-84c776eb843c",
                  "parentUUID": "a28f7eec-9a75-4b88-9a75-69a8bc5dc21e",
                  "isHook": false,
                  "skipped": false
                }
              ],
              "suites": [],
              "passes": [
                "cbc17a6a-2b37-4875-aa58-84c776eb843c"
              ],
              "failures": [],
              "pending": [],
              "skipped": [],
              "duration": 67771,
              "root": false,
              "rootEmpty": false,
              "_timeout": 2000
            }
          ],
          "passes": [],
          "failures": [],
          "pending": [],
          "skipped": [],
          "duration": 0,
          "root": false,
          "rootEmpty": false,
          "_timeout": 2000
        }
      ],
      "passes": [],
      "failures": [],
      "pending": [],
      "skipped": [],
      "duration": 0,
      "root": true,
      "rootEmpty": true,
      "_timeout": 2000
    }
  ],
  "meta": {
    "mocha": {
      "version": "7.0.1"
    },
    "mochawesome": {
      "options": {
        "quiet": false,
        "reportFilename": "mochawesome",
        "saveHtml": true,
        "saveJson": true,
        "consoleReporter": "spec",
        "useInlineDiffs": false,
        "code": true
      },
      "version": "7.1.3"
    },
    "marge": {
      "options": {
        "reportDir": "cypress/results/reports",
        "overwrite": false,
        "html": true,
        "json": true
      },
      "version": "6.2.0"
    }
  }
}