{
  "stats": {
    "suites": 2,
    "tests": 1,
    "passes": 0,
    "pending": 0,
    "failures": 1,
    "start": "2022-12-07T08:19:32.394Z",
    "end": "2022-12-07T08:19:33.327Z",
    "duration": 933,
    "testsRegistered": 27,
    "passPercent": 0,
    "pendingPercent": 0,
    "other": 0,
    "hasOther": false,
    "skipped": 26,
    "hasSkipped": true
  },
  "results": [
    {
      "uuid": "d007a919-442b-48fc-97b8-8a377ba6e8ac",
      "title": "",
      "fullFile": "cypress\\tests\\app.cy.js",
      "file": "cypress\\tests\\app.cy.js",
      "beforeHooks": [],
      "afterHooks": [],
      "tests": [],
      "suites": [
        {
          "uuid": "6747c27e-d9f2-477a-8951-bc71c4033dc3",
          "title": "TodoMVC - React",
          "fullFile": "",
          "file": "",
          "beforeHooks": [],
          "afterHooks": [],
          "tests": [],
          "suites": [
            {
              "uuid": "7606b759-4329-4643-bdf4-2830ceefd06c",
              "title": "Add todo test presentation",
              "fullFile": "",
              "file": "",
              "beforeHooks": [],
              "afterHooks": [],
              "tests": [
                {
                  "title": "Should add 2 todos",
                  "fullTitle": "TodoMVC - React Add todo test presentation Should add 2 todos",
                  "timedOut": null,
                  "duration": 850,
                  "state": "failed",
                  "speed": null,
                  "pass": false,
                  "fail": true,
                  "pending": false,
                  "context": null,
                  "code": "cy.fixture('todoActionsTestData/addTodo').then(testDataObject => {\n  console.log(testDataObject.trueTestCaseforAddTodo);\n});\ncy.get('.new-todo').type('learn testing{enter}').type('be cool{enter}');\ncy.get('.todo-list li').should('have.length', 2);",
                  "err": {
                    "message": "CypressError: `cy.visit()` failed trying to load:\n\nhttp://localhost:4700/\n\nWe attempted to make an http request to this URL but the request failed without a response.\n\nWe received this error at the network level:\n\n  > Error: connect ECONNREFUSED 127.0.0.1:4700\n\nCommon situations why this would fail:\n  - you don't have internet access\n  - you forgot to run / boot your web server\n  - your web server isn't accessible\n  - you have weird network configuration settings on your computer\n\nBecause this error occurred during a `before each` hook we are skipping the remaining tests in the current suite: `TodoMVC - React`",
                    "estack": "CypressError: `cy.visit()` failed trying to load:\n\nhttp://localhost:4700/\n\nWe attempted to make an http request to this URL but the request failed without a response.\n\nWe received this error at the network level:\n\n  > Error: connect ECONNREFUSED 127.0.0.1:4700\n\nCommon situations why this would fail:\n  - you don't have internet access\n  - you forgot to run / boot your web server\n  - your web server isn't accessible\n  - you have weird network configuration settings on your computer\n\nBecause this error occurred during a `before each` hook we are skipping the remaining tests in the current suite: `TodoMVC - React`\n    at <unknown> (https://testerzy.pl/__cypress/runner/cypress_runner.js:142413:82)\n    at visitFailedByErr (https://testerzy.pl/__cypress/runner/cypress_runner.js:141701:12)\n    at <unknown> (https://testerzy.pl/__cypress/runner/cypress_runner.js:142412:11)\n    at tryCatcher (https://testerzy.pl/__cypress/runner/cypress_runner.js:11327:23)\n    at Promise._settlePromiseFromHandler (https://testerzy.pl/__cypress/runner/cypress_runner.js:9262:31)\n    at Promise._settlePromise (https://testerzy.pl/__cypress/runner/cypress_runner.js:9319:18)\n    at Promise._settlePromise0 (https://testerzy.pl/__cypress/runner/cypress_runner.js:9364:10)\n    at Promise._settlePromises (https://testerzy.pl/__cypress/runner/cypress_runner.js:9440:18)\n    at _drainQueueStep (https://testerzy.pl/__cypress/runner/cypress_runner.js:6034:12)\n    at _drainQueue (https://testerzy.pl/__cypress/runner/cypress_runner.js:6027:9)\n    at ../../node_modules/bluebird/js/release/async.js.Async._drainQueues (https://testerzy.pl/__cypress/runner/cypress_runner.js:6043:5)\n    at Async.drainQueues (https://testerzy.pl/__cypress/runner/cypress_runner.js:5913:14)\nFrom Your Spec Code:\n    at Context.eval (webpack:///./cypress/tests/app.cy.js:25:5)\n\nFrom Node.js Internals:\n  Error: connect ECONNREFUSED 127.0.0.1:4700\n      at TCPConnectWrap.afterConnect [as oncomplete] (node:net:1187:16)",
                    "diff": null
                  },
                  "uuid": "6957cc45-0248-406c-9180-8f044410e2dc",
                  "parentUUID": "7606b759-4329-4643-bdf4-2830ceefd06c",
                  "isHook": false,
                  "skipped": false
                }
              ],
              "suites": [],
              "passes": [],
              "failures": [
                "6957cc45-0248-406c-9180-8f044410e2dc"
              ],
              "pending": [],
              "skipped": [],
              "duration": 850,
              "root": false,
              "rootEmpty": false,
              "_timeout": 2000
            },
            {
              "uuid": "0ddaa880-d973-4114-9a72-eea37337369c",
              "title": "New Todo",
              "fullFile": "",
              "file": "",
              "beforeHooks": [],
              "afterHooks": [],
              "tests": [
                {
                  "title": "should allow me to add todo items",
                  "fullTitle": "TodoMVC - React New Todo should allow me to add todo items",
                  "timedOut": null,
                  "duration": 0,
                  "state": "skipped",
                  "speed": null,
                  "pass": false,
                  "fail": false,
                  "pending": false,
                  "context": null,
                  "code": "// create 1st todo\ncy.get('.new-todo').type(TODO_ITEM_ONE).type('{enter}'); // make sure the 1st label contains the 1st todo text\ncy.get('.todo-list li').eq(0).find('label').should('contain', TODO_ITEM_ONE); // create 2nd todo\ncy.get('.new-todo').type(TODO_ITEM_TWO).type('{enter}'); // make sure the 2nd label contains the 2nd todo text\ncy.get('.todo-list li').eq(1).find('label').should('contain', TODO_ITEM_TWO);",
                  "err": {},
                  "uuid": "0340d98e-39a6-4d26-9221-096428cb431e",
                  "parentUUID": null,
                  "isHook": false,
                  "skipped": true
                },
                {
                  "title": "adds items",
                  "fullTitle": "TodoMVC - React New Todo adds items",
                  "timedOut": null,
                  "duration": 0,
                  "state": "skipped",
                  "speed": null,
                  "pass": false,
                  "fail": false,
                  "pending": false,
                  "context": null,
                  "code": "// create several todos then check the number of items in the list\ncy.get('.new-todo').type('todo A{enter}').type('todo B{enter}') // we can continue working with same element\n.type('todo C{enter}') // and keep adding new items\n.type('todo D{enter}');\ncy.get('.todo-list li').should('have.length', 4);",
                  "err": {},
                  "uuid": "985f34d2-12e5-4990-97d9-87ac9ab633ca",
                  "parentUUID": null,
                  "isHook": false,
                  "skipped": true
                },
                {
                  "title": "should clear text input field when an item is added",
                  "fullTitle": "TodoMVC - React New Todo should clear text input field when an item is added",
                  "timedOut": null,
                  "duration": 0,
                  "state": "skipped",
                  "speed": null,
                  "pass": false,
                  "fail": false,
                  "pending": false,
                  "context": null,
                  "code": "cy.get('.new-todo').type(TODO_ITEM_ONE).type('{enter}');\ncy.get('.new-todo').should('have.text', '');",
                  "err": {},
                  "uuid": "366a264e-6e24-47e2-9d0b-39ad65dcd21c",
                  "parentUUID": null,
                  "isHook": false,
                  "skipped": true
                },
                {
                  "title": "should append new items to the bottom of the list",
                  "fullTitle": "TodoMVC - React New Todo should append new items to the bottom of the list",
                  "timedOut": null,
                  "duration": 0,
                  "state": "skipped",
                  "speed": null,
                  "pass": false,
                  "fail": false,
                  "pending": false,
                  "context": null,
                  "code": "// this is an example of a custom command\n// defined in cypress/support/commands.js\ncy.createDefaultTodos().as('todos'); // even though the text content is split across\n// multiple <span> and <strong> elements\n// `cy.contains` can verify this correctly\ncy.get('.todo-count').contains('3 items left');\ncy.get('@todos').eq(0).find('label').should('contain', TODO_ITEM_ONE);\ncy.get('@todos').eq(1).find('label').should('contain', TODO_ITEM_TWO);\ncy.get('@todos').eq(2).find('label').should('contain', TODO_ITEM_THREE);",
                  "err": {},
                  "uuid": "58a735c0-b0a6-421c-b516-1b71541fb6cb",
                  "parentUUID": null,
                  "isHook": false,
                  "skipped": true
                },
                {
                  "title": "should show #main and #footer when items added",
                  "fullTitle": "TodoMVC - React New Todo should show #main and #footer when items added",
                  "timedOut": null,
                  "duration": 0,
                  "state": "skipped",
                  "speed": null,
                  "pass": false,
                  "fail": false,
                  "pending": false,
                  "context": null,
                  "code": "cy.createTodo(TODO_ITEM_ONE);\ncy.get('.main').should('be.visible');\ncy.get('.footer').should('be.visible');",
                  "err": {},
                  "uuid": "145065e3-62a1-4c5d-a910-9557f35a837d",
                  "parentUUID": null,
                  "isHook": false,
                  "skipped": true
                }
              ],
              "suites": [],
              "passes": [],
              "failures": [],
              "pending": [],
              "skipped": [
                "0340d98e-39a6-4d26-9221-096428cb431e",
                "985f34d2-12e5-4990-97d9-87ac9ab633ca",
                "366a264e-6e24-47e2-9d0b-39ad65dcd21c",
                "58a735c0-b0a6-421c-b516-1b71541fb6cb",
                "145065e3-62a1-4c5d-a910-9557f35a837d"
              ],
              "duration": 0,
              "root": false,
              "rootEmpty": false,
              "_timeout": 2000
            },
            {
              "uuid": "31fa24c2-8250-435f-ae3e-1adedc698f7f",
              "title": "Mark all as completed",
              "fullFile": "",
              "file": "",
              "beforeHooks": [],
              "afterHooks": [],
              "tests": [
                {
                  "title": "should allow me to mark all items as completed",
                  "fullTitle": "TodoMVC - React Mark all as completed should allow me to mark all items as completed",
                  "timedOut": null,
                  "duration": 0,
                  "state": "skipped",
                  "speed": null,
                  "pass": false,
                  "fail": false,
                  "pending": false,
                  "context": null,
                  "code": "// complete all todos\n// we use 'check' instead of 'click'\n// because that indicates our intention much clearer\ncy.get('.toggle-all').check(); // get each todo li and ensure its class is 'completed'\ncy.get('@todos').eq(0).should('have.class', 'completed');\ncy.get('@todos').eq(1).should('have.class', 'completed');\ncy.get('@todos').eq(2).should('have.class', 'completed');",
                  "err": {},
                  "uuid": "d8fc539b-5aa4-43e9-ae61-eca432292c8e",
                  "parentUUID": null,
                  "isHook": false,
                  "skipped": true
                },
                {
                  "title": "should allow me to clear the complete state of all items",
                  "fullTitle": "TodoMVC - React Mark all as completed should allow me to clear the complete state of all items",
                  "timedOut": null,
                  "duration": 0,
                  "state": "skipped",
                  "speed": null,
                  "pass": false,
                  "fail": false,
                  "pending": false,
                  "context": null,
                  "code": "// check and then immediately uncheck\ncy.get('.toggle-all').check().uncheck();\ncy.get('@todos').eq(0).should('not.have.class', 'completed');\ncy.get('@todos').eq(1).should('not.have.class', 'completed');\ncy.get('@todos').eq(2).should('not.have.class', 'completed');",
                  "err": {},
                  "uuid": "f33ad3a1-334a-4036-83a8-f6e552543558",
                  "parentUUID": null,
                  "isHook": false,
                  "skipped": true
                },
                {
                  "title": "complete all checkbox should update state when items are completed / cleared",
                  "fullTitle": "TodoMVC - React Mark all as completed complete all checkbox should update state when items are completed / cleared",
                  "timedOut": null,
                  "duration": 0,
                  "state": "skipped",
                  "speed": null,
                  "pass": false,
                  "fail": false,
                  "pending": false,
                  "context": null,
                  "code": "// alias the .toggle-all for reuse later\ncy.get('.toggle-all').as('toggleAll').check() // this assertion is silly here IMO but\n// it is what TodoMVC does\n.should('be.checked'); // alias the first todo and then click it\ncy.get('.todo-list li').eq(0).as('firstTodo').find('.toggle').uncheck(); // reference the .toggle-all element again\n// and make sure its not checked\ncy.get('@toggleAll').should('not.be.checked'); // reference the first todo again and now toggle it\ncy.get('@firstTodo').find('.toggle').check(); // assert the toggle all is checked again\ncy.get('@toggleAll').should('be.checked');",
                  "err": {},
                  "uuid": "cf3797f8-0c21-4122-becc-9dfcee8ff718",
                  "parentUUID": null,
                  "isHook": false,
                  "skipped": true
                }
              ],
              "suites": [],
              "passes": [],
              "failures": [],
              "pending": [],
              "skipped": [
                "d8fc539b-5aa4-43e9-ae61-eca432292c8e",
                "f33ad3a1-334a-4036-83a8-f6e552543558",
                "cf3797f8-0c21-4122-becc-9dfcee8ff718"
              ],
              "duration": 0,
              "root": false,
              "rootEmpty": false,
              "_timeout": 2000
            },
            {
              "uuid": "dd047597-4798-4c1b-818d-44491cd2dbf8",
              "title": "Item",
              "fullFile": "",
              "file": "",
              "beforeHooks": [],
              "afterHooks": [],
              "tests": [
                {
                  "title": "should allow me to mark items as complete",
                  "fullTitle": "TodoMVC - React Item should allow me to mark items as complete",
                  "timedOut": null,
                  "duration": 0,
                  "state": "skipped",
                  "speed": null,
                  "pass": false,
                  "fail": false,
                  "pending": false,
                  "context": null,
                  "code": "// we are aliasing the return value of\n// our custom command 'createTodo'\n//\n// the return value is the <li> in the <ul.todos-list>\ncy.createTodo(TODO_ITEM_ONE).as('firstTodo');\ncy.createTodo(TODO_ITEM_TWO).as('secondTodo');\ncy.get('@firstTodo').find('.toggle').check();\ncy.get('@firstTodo').should('have.class', 'completed');\ncy.get('@secondTodo').should('not.have.class', 'completed');\ncy.get('@secondTodo').find('.toggle').check();\ncy.get('@firstTodo').should('have.class', 'completed');\ncy.get('@secondTodo').should('have.class', 'completed');",
                  "err": {},
                  "uuid": "54c3a2ba-976a-46ed-ade5-40a00a15a415",
                  "parentUUID": null,
                  "isHook": false,
                  "skipped": true
                },
                {
                  "title": "should allow me to un-mark items as complete",
                  "fullTitle": "TodoMVC - React Item should allow me to un-mark items as complete",
                  "timedOut": null,
                  "duration": 0,
                  "state": "skipped",
                  "speed": null,
                  "pass": false,
                  "fail": false,
                  "pending": false,
                  "context": null,
                  "code": "cy.createTodo(TODO_ITEM_ONE).as('firstTodo');\ncy.createTodo(TODO_ITEM_TWO).as('secondTodo');\ncy.get('@firstTodo').find('.toggle').check();\ncy.get('@firstTodo').should('have.class', 'completed');\ncy.get('@secondTodo').should('not.have.class', 'completed');\ncy.get('@firstTodo').find('.toggle').uncheck();\ncy.get('@firstTodo').should('not.have.class', 'completed');\ncy.get('@secondTodo').should('not.have.class', 'completed');",
                  "err": {},
                  "uuid": "81ea4e4f-bd9b-4313-b809-58f722bc9692",
                  "parentUUID": null,
                  "isHook": false,
                  "skipped": true
                },
                {
                  "title": "should allow me to edit an item",
                  "fullTitle": "TodoMVC - React Item should allow me to edit an item",
                  "timedOut": null,
                  "duration": 0,
                  "state": "skipped",
                  "speed": null,
                  "pass": false,
                  "fail": false,
                  "pending": false,
                  "context": null,
                  "code": "cy.createDefaultTodos().as('todos');\ncy.get('@todos').eq(1).as('secondTodo') // TODO: fix this, dblclick should\n// have been issued to label\n.find('label').dblclick(); // clear out the inputs current value\n// and type a new value\ncy.get('@secondTodo').find('.edit').clear().type('buy some sausages').type('{enter}'); // explicitly assert about the text value\ncy.get('@todos').eq(0).should('contain', TODO_ITEM_ONE);\ncy.get('@secondTodo').should('contain', 'buy some sausages');\ncy.get('@todos').eq(2).should('contain', TODO_ITEM_THREE);",
                  "err": {},
                  "uuid": "a227e8b0-bb4c-42fa-acf8-432d7279238b",
                  "parentUUID": null,
                  "isHook": false,
                  "skipped": true
                }
              ],
              "suites": [],
              "passes": [],
              "failures": [],
              "pending": [],
              "skipped": [
                "54c3a2ba-976a-46ed-ade5-40a00a15a415",
                "81ea4e4f-bd9b-4313-b809-58f722bc9692",
                "a227e8b0-bb4c-42fa-acf8-432d7279238b"
              ],
              "duration": 0,
              "root": false,
              "rootEmpty": false,
              "_timeout": 2000
            },
            {
              "uuid": "b29c0876-7736-4237-b5ac-d93720eceb0f",
              "title": "Editing",
              "fullFile": "",
              "file": "",
              "beforeHooks": [],
              "afterHooks": [],
              "tests": [
                {
                  "title": "should hide other controls when editing",
                  "fullTitle": "TodoMVC - React Editing should hide other controls when editing",
                  "timedOut": null,
                  "duration": 0,
                  "state": "skipped",
                  "speed": null,
                  "pass": false,
                  "fail": false,
                  "pending": false,
                  "context": null,
                  "code": "cy.get('@todos').eq(1).as('secondTodo').find('label').dblclick();\ncy.get('@secondTodo').find('.toggle').should('not.be.visible');\ncy.get('@secondTodo').find('label').should('not.be.visible');",
                  "err": {},
                  "uuid": "822fc9c1-df29-4185-91ee-057d681dd33e",
                  "parentUUID": null,
                  "isHook": false,
                  "skipped": true
                },
                {
                  "title": "should save edits on blur",
                  "fullTitle": "TodoMVC - React Editing should save edits on blur",
                  "timedOut": null,
                  "duration": 0,
                  "state": "skipped",
                  "speed": null,
                  "pass": false,
                  "fail": false,
                  "pending": false,
                  "context": null,
                  "code": "cy.get('@todos').eq(1).as('secondTodo').find('label').dblclick();\ncy.get('@secondTodo').find('.edit').clear().type('buy some sausages') // we can just send the blur event directly\n// to the input instead of having to click\n// on another button on the page. though you\n// could do that its just more mental work\n.blur();\ncy.get('@todos').eq(0).should('contain', TODO_ITEM_ONE);\ncy.get('@secondTodo').should('contain', 'buy some sausages');\ncy.get('@todos').eq(2).should('contain', TODO_ITEM_THREE);",
                  "err": {},
                  "uuid": "7c97dc30-6d13-4f7d-af14-6f39892caf78",
                  "parentUUID": null,
                  "isHook": false,
                  "skipped": true
                },
                {
                  "title": "should trim entered text",
                  "fullTitle": "TodoMVC - React Editing should trim entered text",
                  "timedOut": null,
                  "duration": 0,
                  "state": "skipped",
                  "speed": null,
                  "pass": false,
                  "fail": false,
                  "pending": false,
                  "context": null,
                  "code": "cy.get('@todos').eq(1).as('secondTodo').find('label').dblclick();\ncy.get('@secondTodo').find('.edit').clear().type('    buy some sausages    ').type('{enter}');\ncy.get('@todos').eq(0).should('contain', TODO_ITEM_ONE);\ncy.get('@secondTodo').should('contain', 'buy some sausages');\ncy.get('@todos').eq(2).should('contain', TODO_ITEM_THREE);",
                  "err": {},
                  "uuid": "d3b5c5e8-4f72-49d4-9cfc-eef092c314f8",
                  "parentUUID": null,
                  "isHook": false,
                  "skipped": true
                },
                {
                  "title": "should remove the item if an empty text string was entered",
                  "fullTitle": "TodoMVC - React Editing should remove the item if an empty text string was entered",
                  "timedOut": null,
                  "duration": 0,
                  "state": "skipped",
                  "speed": null,
                  "pass": false,
                  "fail": false,
                  "pending": false,
                  "context": null,
                  "code": "cy.get('@todos').eq(1).as('secondTodo').find('label').dblclick();\ncy.get('@secondTodo').find('.edit').clear().type('{enter}');\ncy.get('@todos').should('have.length', 2);",
                  "err": {},
                  "uuid": "8af1b001-9348-4c7d-a980-1c5aff1230ee",
                  "parentUUID": null,
                  "isHook": false,
                  "skipped": true
                },
                {
                  "title": "should cancel edits on escape",
                  "fullTitle": "TodoMVC - React Editing should cancel edits on escape",
                  "timedOut": null,
                  "duration": 0,
                  "state": "skipped",
                  "speed": null,
                  "pass": false,
                  "fail": false,
                  "pending": false,
                  "context": null,
                  "code": "cy.get('@todos').eq(1).as('secondTodo').find('label').dblclick();\ncy.get('@secondTodo').find('.edit').clear().type('foo{esc}');\ncy.get('@todos').eq(0).should('contain', TODO_ITEM_ONE);\ncy.get('@todos').eq(1).should('contain', TODO_ITEM_TWO);\ncy.get('@todos').eq(2).should('contain', TODO_ITEM_THREE);",
                  "err": {},
                  "uuid": "46f9400b-f957-4bf0-9a0c-26f4b7b833ae",
                  "parentUUID": null,
                  "isHook": false,
                  "skipped": true
                }
              ],
              "suites": [],
              "passes": [],
              "failures": [],
              "pending": [],
              "skipped": [
                "822fc9c1-df29-4185-91ee-057d681dd33e",
                "7c97dc30-6d13-4f7d-af14-6f39892caf78",
                "d3b5c5e8-4f72-49d4-9cfc-eef092c314f8",
                "8af1b001-9348-4c7d-a980-1c5aff1230ee",
                "46f9400b-f957-4bf0-9a0c-26f4b7b833ae"
              ],
              "duration": 0,
              "root": false,
              "rootEmpty": false,
              "_timeout": 2000
            },
            {
              "uuid": "b7f34030-c766-44ab-b702-b16bbdfe2f61",
              "title": "Counter",
              "fullFile": "",
              "file": "",
              "beforeHooks": [],
              "afterHooks": [],
              "tests": [
                {
                  "title": "should display the current number of todo items",
                  "fullTitle": "TodoMVC - React Counter should display the current number of todo items",
                  "timedOut": null,
                  "duration": 0,
                  "state": "skipped",
                  "speed": null,
                  "pass": false,
                  "fail": false,
                  "pending": false,
                  "context": null,
                  "code": "cy.createTodo(TODO_ITEM_ONE);\ncy.get('.todo-count').contains('1 item left');\ncy.createTodo(TODO_ITEM_TWO);\ncy.get('.todo-count').contains('2 items left');",
                  "err": {},
                  "uuid": "5f1f38ac-3800-442f-aaaa-2cc11cbf31f3",
                  "parentUUID": null,
                  "isHook": false,
                  "skipped": true
                }
              ],
              "suites": [],
              "passes": [],
              "failures": [],
              "pending": [],
              "skipped": [
                "5f1f38ac-3800-442f-aaaa-2cc11cbf31f3"
              ],
              "duration": 0,
              "root": false,
              "rootEmpty": false,
              "_timeout": 2000
            },
            {
              "uuid": "b45b08dd-ddf2-41f0-adf0-10f13255a92a",
              "title": "Clear completed button",
              "fullFile": "",
              "file": "",
              "beforeHooks": [],
              "afterHooks": [],
              "tests": [
                {
                  "title": "should display the correct text",
                  "fullTitle": "TodoMVC - React Clear completed button should display the correct text",
                  "timedOut": null,
                  "duration": 0,
                  "state": "skipped",
                  "speed": null,
                  "pass": false,
                  "fail": false,
                  "pending": false,
                  "context": null,
                  "code": "cy.get('@todos').eq(0).find('.toggle').check();\ncy.get('.clear-completed').contains('Clear completed');",
                  "err": {},
                  "uuid": "664fde79-3fff-4f3f-9274-6df8dc2b4d97",
                  "parentUUID": null,
                  "isHook": false,
                  "skipped": true
                },
                {
                  "title": "should remove completed items when clicked",
                  "fullTitle": "TodoMVC - React Clear completed button should remove completed items when clicked",
                  "timedOut": null,
                  "duration": 0,
                  "state": "skipped",
                  "speed": null,
                  "pass": false,
                  "fail": false,
                  "pending": false,
                  "context": null,
                  "code": "cy.get('@todos').eq(1).find('.toggle').check();\ncy.get('.clear-completed').click();\ncy.get('@todos').should('have.length', 2);\ncy.get('@todos').eq(0).should('contain', TODO_ITEM_ONE);\ncy.get('@todos').eq(1).should('contain', TODO_ITEM_THREE);",
                  "err": {},
                  "uuid": "df32153e-0925-4632-b53e-e8a71da6f885",
                  "parentUUID": null,
                  "isHook": false,
                  "skipped": true
                },
                {
                  "title": "should be hidden when there are no items that are completed",
                  "fullTitle": "TodoMVC - React Clear completed button should be hidden when there are no items that are completed",
                  "timedOut": null,
                  "duration": 0,
                  "state": "skipped",
                  "speed": null,
                  "pass": false,
                  "fail": false,
                  "pending": false,
                  "context": null,
                  "code": "cy.get('@todos').eq(1).find('.toggle').check();\ncy.get('.clear-completed').should('be.visible').click();\ncy.get('.clear-completed').should('not.exist');",
                  "err": {},
                  "uuid": "a065003d-4565-47c8-a499-b5e9a20524c1",
                  "parentUUID": null,
                  "isHook": false,
                  "skipped": true
                }
              ],
              "suites": [],
              "passes": [],
              "failures": [],
              "pending": [],
              "skipped": [
                "664fde79-3fff-4f3f-9274-6df8dc2b4d97",
                "df32153e-0925-4632-b53e-e8a71da6f885",
                "a065003d-4565-47c8-a499-b5e9a20524c1"
              ],
              "duration": 0,
              "root": false,
              "rootEmpty": false,
              "_timeout": 2000
            },
            {
              "uuid": "fffce2dc-a0c2-4831-b6b6-3bc9e9d39e2f",
              "title": "Persistence",
              "fullFile": "",
              "file": "",
              "beforeHooks": [],
              "afterHooks": [],
              "tests": [
                {
                  "title": "should persist its data",
                  "fullTitle": "TodoMVC - React Persistence should persist its data",
                  "timedOut": null,
                  "duration": 0,
                  "state": "skipped",
                  "speed": null,
                  "pass": false,
                  "fail": false,
                  "pending": false,
                  "context": null,
                  "code": "// mimicking TodoMVC tests\n// by writing out this function\nfunction testState() {\n  cy.get('@firstTodo').should('contain', TODO_ITEM_ONE).and('have.class', 'completed');\n  cy.get('@secondTodo').should('contain', TODO_ITEM_TWO).and('not.have.class', 'completed');\n}\ncy.createTodo(TODO_ITEM_ONE).as('firstTodo');\ncy.createTodo(TODO_ITEM_TWO).as('secondTodo');\ncy.get('@firstTodo').find('.toggle').check().then(testState).reload().then(testState);",
                  "err": {},
                  "uuid": "b41d7c9d-ee90-4295-9a33-537dd1095730",
                  "parentUUID": null,
                  "isHook": false,
                  "skipped": true
                }
              ],
              "suites": [],
              "passes": [],
              "failures": [],
              "pending": [],
              "skipped": [
                "b41d7c9d-ee90-4295-9a33-537dd1095730"
              ],
              "duration": 0,
              "root": false,
              "rootEmpty": false,
              "_timeout": 2000
            },
            {
              "uuid": "772f3522-6286-438b-97e1-9ca7a7994b2c",
              "title": "Routing",
              "fullFile": "",
              "file": "",
              "beforeHooks": [],
              "afterHooks": [],
              "tests": [
                {
                  "title": "should allow me to display active items",
                  "fullTitle": "TodoMVC - React Routing should allow me to display active items",
                  "timedOut": null,
                  "duration": 0,
                  "state": "skipped",
                  "speed": null,
                  "pass": false,
                  "fail": false,
                  "pending": false,
                  "context": null,
                  "code": "cy.get('@todos').eq(1).find('.toggle').check();\ncy.get('.filters').contains('Active').click();\ncy.get('@todos').eq(0).should('contain', TODO_ITEM_ONE);\ncy.get('@todos').eq(1).should('contain', TODO_ITEM_THREE);",
                  "err": {},
                  "uuid": "30c3acdd-1a1c-464a-ac5a-a971da23bcc7",
                  "parentUUID": null,
                  "isHook": false,
                  "skipped": true
                },
                {
                  "title": "should respect the back button",
                  "fullTitle": "TodoMVC - React Routing should respect the back button",
                  "timedOut": null,
                  "duration": 0,
                  "state": "skipped",
                  "speed": null,
                  "pass": false,
                  "fail": false,
                  "pending": false,
                  "context": null,
                  "code": "cy.get('@todos').eq(1).find('.toggle').check();\ncy.get('.filters').contains('Active').click();\ncy.get('.filters').contains('Completed').click();\ncy.get('@todos').should('have.length', 1);\ncy.go('back');\ncy.get('@todos').should('have.length', 2);\ncy.go('back');\ncy.get('@todos').should('have.length', 3);",
                  "err": {},
                  "uuid": "94892fe3-b025-4686-9ff3-05442b6576a2",
                  "parentUUID": null,
                  "isHook": false,
                  "skipped": true
                },
                {
                  "title": "should allow me to display completed items",
                  "fullTitle": "TodoMVC - React Routing should allow me to display completed items",
                  "timedOut": null,
                  "duration": 0,
                  "state": "skipped",
                  "speed": null,
                  "pass": false,
                  "fail": false,
                  "pending": false,
                  "context": null,
                  "code": "cy.get('@todos').eq(1).find('.toggle').check();\ncy.get('.filters').contains('Completed').click();\ncy.get('@todos').should('have.length', 1);",
                  "err": {},
                  "uuid": "59a716ed-3f4b-4ce7-8f89-22a00ca27884",
                  "parentUUID": null,
                  "isHook": false,
                  "skipped": true
                },
                {
                  "title": "should allow me to display all items",
                  "fullTitle": "TodoMVC - React Routing should allow me to display all items",
                  "timedOut": null,
                  "duration": 0,
                  "state": "skipped",
                  "speed": null,
                  "pass": false,
                  "fail": false,
                  "pending": false,
                  "context": null,
                  "code": "cy.get('@todos').eq(1).find('.toggle').check();\ncy.get('.filters').contains('Active').click();\ncy.get('.filters').contains('Completed').click();\ncy.get('.filters').contains('All').click();\ncy.get('@todos').should('have.length', 3);",
                  "err": {},
                  "uuid": "88a8650f-9c16-42d3-8ca3-4b0f78088459",
                  "parentUUID": null,
                  "isHook": false,
                  "skipped": true
                },
                {
                  "title": "should highlight the currently applied filter",
                  "fullTitle": "TodoMVC - React Routing should highlight the currently applied filter",
                  "timedOut": null,
                  "duration": 0,
                  "state": "skipped",
                  "speed": null,
                  "pass": false,
                  "fail": false,
                  "pending": false,
                  "context": null,
                  "code": "// using a within here which will automatically scope\n// nested 'cy' queries to our parent element <ul.filters>\ncy.get('.filters').within(function () {\n  cy.contains('All').should('have.class', 'selected');\n  cy.contains('Active').click().should('have.class', 'selected');\n  cy.contains('Completed').click().should('have.class', 'selected');\n});",
                  "err": {},
                  "uuid": "121b4f35-ae9c-48cc-8392-2fd85745e8db",
                  "parentUUID": null,
                  "isHook": false,
                  "skipped": true
                }
              ],
              "suites": [],
              "passes": [],
              "failures": [],
              "pending": [],
              "skipped": [
                "30c3acdd-1a1c-464a-ac5a-a971da23bcc7",
                "94892fe3-b025-4686-9ff3-05442b6576a2",
                "59a716ed-3f4b-4ce7-8f89-22a00ca27884",
                "88a8650f-9c16-42d3-8ca3-4b0f78088459",
                "121b4f35-ae9c-48cc-8392-2fd85745e8db"
              ],
              "duration": 0,
              "root": false,
              "rootEmpty": false,
              "_timeout": 2000
            }
          ],
          "passes": [],
          "failures": [],
          "pending": [],
          "skipped": [],
          "duration": 0,
          "root": false,
          "rootEmpty": false,
          "_timeout": 2000
        }
      ],
      "passes": [],
      "failures": [],
      "pending": [],
      "skipped": [],
      "duration": 0,
      "root": true,
      "rootEmpty": true,
      "_timeout": 2000
    }
  ],
  "meta": {
    "mocha": {
      "version": "7.0.1"
    },
    "mochawesome": {
      "options": {
        "quiet": false,
        "reportFilename": "mochawesome",
        "saveHtml": true,
        "saveJson": true,
        "consoleReporter": "spec",
        "useInlineDiffs": false,
        "code": true
      },
      "version": "7.1.3"
    },
    "marge": {
      "options": {
        "reportDir": "cypress/results/reports",
        "overwrite": false,
        "html": true,
        "json": true
      },
      "version": "6.2.0"
    }
  }
}