{
  "stats": {
    "suites": 2,
    "tests": 1,
    "passes": 0,
    "pending": 0,
    "failures": 1,
    "start": "2023-11-12T20:33:58.064Z",
    "end": "2023-11-12T20:34:05.599Z",
    "duration": 7535,
    "testsRegistered": 1,
    "passPercent": 0,
    "pendingPercent": 0,
    "other": 0,
    "hasOther": false,
    "skipped": 0,
    "hasSkipped": false
  },
  "results": [
    {
      "uuid": "9f3ffb74-86d0-441e-9a4f-a0d10b31830f",
      "title": "",
      "fullFile": "cypress\\tests\\app.cy.js",
      "file": "cypress\\tests\\app.cy.js",
      "beforeHooks": [],
      "afterHooks": [],
      "tests": [],
      "suites": [
        {
          "uuid": "9ec9ebe7-f355-45ba-a841-6ed08cd8982b",
          "title": "TodoMVC - React",
          "fullFile": "",
          "file": "",
          "beforeHooks": [],
          "afterHooks": [],
          "tests": [],
          "suites": [
            {
              "uuid": "e73cc227-b8c1-4b00-abb0-9b8613481f24",
              "title": "Add todo test presentation",
              "fullFile": "",
              "file": "",
              "beforeHooks": [],
              "afterHooks": [],
              "tests": [
                {
                  "title": "Should add todos",
                  "fullTitle": "TodoMVC - React Add todo test presentation Should add todos",
                  "timedOut": null,
                  "duration": 5041,
                  "state": "failed",
                  "speed": null,
                  "pass": false,
                  "fail": true,
                  "pending": false,
                  "context": null,
                  "code": "cy.fixture('todo').then(testDataObject => {\n  console.log(testDataObject.name_1);\n});\ncy.get('.new-todo').type('learn testing{enter}').type('be cool{enter}');\ncy.get('.todo-list li').should('have.length', 4);",
                  "err": {
                    "message": "AssertionError: Timed out retrying after 4000ms: Not enough elements found. Found '2', expected '4'.",
                    "estack": "AssertionError: Timed out retrying after 4000ms: Not enough elements found. Found '2', expected '4'.\n    at Context.eval (webpack://automation-practice/./cypress/tests/app.cy.js:47:27)",
                    "diff": "- 2\n+ 4\n"
                  },
                  "uuid": "d1a46972-f4b2-4f2f-9a46-6cdb1f090b0f",
                  "parentUUID": "e73cc227-b8c1-4b00-abb0-9b8613481f24",
                  "isHook": false,
                  "skipped": false
                }
              ],
              "suites": [],
              "passes": [],
              "failures": [
                "d1a46972-f4b2-4f2f-9a46-6cdb1f090b0f"
              ],
              "pending": [],
              "skipped": [],
              "duration": 5041,
              "root": false,
              "rootEmpty": false,
              "_timeout": 2000
            }
          ],
          "passes": [],
          "failures": [],
          "pending": [],
          "skipped": [],
          "duration": 0,
          "root": false,
          "rootEmpty": false,
          "_timeout": 2000
        }
      ],
      "passes": [],
      "failures": [],
      "pending": [],
      "skipped": [],
      "duration": 0,
      "root": true,
      "rootEmpty": true,
      "_timeout": 2000
    }
  ],
  "meta": {
    "mocha": {
      "version": "7.0.1"
    },
    "mochawesome": {
      "options": {
        "quiet": false,
        "reportFilename": "mochawesome",
        "saveHtml": true,
        "saveJson": true,
        "consoleReporter": "spec",
        "useInlineDiffs": false,
        "code": true
      },
      "version": "7.1.3"
    },
    "marge": {
      "options": {
        "reportDir": "cypress/results/reports",
        "overwrite": false,
        "html": true,
        "json": true
      },
      "version": "6.2.0"
    }
  }
}