{
  "stats": {
    "suites": 10,
    "tests": 15,
    "passes": 4,
    "pending": 0,
    "failures": 11,
    "start": "2022-09-12T12:30:17.278Z",
    "end": "2022-09-12T12:30:25.350Z",
    "duration": 8072,
    "testsRegistered": 27,
    "passPercent": 14.814814814814813,
    "pendingPercent": 0,
    "other": 0,
    "hasOther": false,
    "skipped": 12,
    "hasSkipped": true
  },
  "results": [
    {
      "uuid": "c7cf6d8e-d725-427d-bcd1-1bfe6afafc9c",
      "title": "",
      "fullFile": "cypress\\tests\\app.cy.js",
      "file": "cypress\\tests\\app.cy.js",
      "beforeHooks": [],
      "afterHooks": [],
      "tests": [],
      "suites": [
        {
          "uuid": "46145ebf-bccc-427c-97d4-4bd29728b8d9",
          "title": "TodoMVC - React",
          "fullFile": "",
          "file": "",
          "beforeHooks": [],
          "afterHooks": [],
          "tests": [],
          "suites": [
            {
              "uuid": "a68f1225-13a1-4082-829e-6cd17fc0e9da",
              "title": "Add todo test presentation",
              "fullFile": "",
              "file": "",
              "beforeHooks": [],
              "afterHooks": [],
              "tests": [
                {
                  "title": "Should add 2 todos",
                  "fullTitle": "TodoMVC - React Add todo test presentation Should add 2 todos",
                  "timedOut": null,
                  "duration": 945,
                  "state": "passed",
                  "speed": "fast",
                  "pass": true,
                  "fail": false,
                  "pending": false,
                  "context": null,
                  "code": "cy.get('.new-todo').type('learn testing{enter}').type('be cool{enter}');\ncy.get('.todo-list li').should('have.length', 2);",
                  "err": {},
                  "uuid": "dab7ca47-892d-45f8-b8c8-6132a414a734",
                  "parentUUID": "a68f1225-13a1-4082-829e-6cd17fc0e9da",
                  "isHook": false,
                  "skipped": false
                }
              ],
              "suites": [],
              "passes": [
                "dab7ca47-892d-45f8-b8c8-6132a414a734"
              ],
              "failures": [],
              "pending": [],
              "skipped": [],
              "duration": 945,
              "root": false,
              "rootEmpty": false,
              "_timeout": 2000
            },
            {
              "uuid": "4fa8a699-339d-4f65-80bb-979e91a9002d",
              "title": "New Todo",
              "fullFile": "",
              "file": "",
              "beforeHooks": [],
              "afterHooks": [],
              "tests": [
                {
                  "title": "should allow me to add todo items",
                  "fullTitle": "TodoMVC - React New Todo should allow me to add todo items",
                  "timedOut": null,
                  "duration": 1081,
                  "state": "passed",
                  "speed": "fast",
                  "pass": true,
                  "fail": false,
                  "pending": false,
                  "context": null,
                  "code": "// create 1st todo\ncy.get('.new-todo').type(TODO_ITEM_ONE).type('{enter}'); // make sure the 1st label contains the 1st todo text\ncy.get('.todo-list li').eq(0).find('label').should('contain', TODO_ITEM_ONE); // create 2nd todo\ncy.get('.new-todo').type(TODO_ITEM_TWO).type('{enter}'); // make sure the 2nd label contains the 2nd todo text\ncy.get('.todo-list li').eq(1).find('label').should('contain', TODO_ITEM_TWO);",
                  "err": {},
                  "uuid": "389f4942-f945-4490-8d59-09da0072fba1",
                  "parentUUID": "4fa8a699-339d-4f65-80bb-979e91a9002d",
                  "isHook": false,
                  "skipped": false
                },
                {
                  "title": "adds items",
                  "fullTitle": "TodoMVC - React New Todo adds items",
                  "timedOut": null,
                  "duration": 981,
                  "state": "passed",
                  "speed": "fast",
                  "pass": true,
                  "fail": false,
                  "pending": false,
                  "context": null,
                  "code": "// create several todos then check the number of items in the list\ncy.get('.new-todo').type('todo A{enter}').type('todo B{enter}') // we can continue working with same element\n.type('todo C{enter}') // and keep adding new items\n.type('todo D{enter}');\ncy.get('.todo-list li').should('have.length', 4);",
                  "err": {},
                  "uuid": "e07dac8f-e313-4b67-8816-7699e51c226b",
                  "parentUUID": "4fa8a699-339d-4f65-80bb-979e91a9002d",
                  "isHook": false,
                  "skipped": false
                },
                {
                  "title": "should clear text input field when an item is added",
                  "fullTitle": "TodoMVC - React New Todo should clear text input field when an item is added",
                  "timedOut": null,
                  "duration": 642,
                  "state": "passed",
                  "speed": "fast",
                  "pass": true,
                  "fail": false,
                  "pending": false,
                  "context": null,
                  "code": "cy.get('.new-todo').type(TODO_ITEM_ONE).type('{enter}');\ncy.get('.new-todo').should('have.text', '');",
                  "err": {},
                  "uuid": "24a9f21c-bdf7-454f-b58e-7e7506a9df27",
                  "parentUUID": "4fa8a699-339d-4f65-80bb-979e91a9002d",
                  "isHook": false,
                  "skipped": false
                },
                {
                  "title": "should append new items to the bottom of the list",
                  "fullTitle": "TodoMVC - React New Todo should append new items to the bottom of the list",
                  "timedOut": null,
                  "duration": 271,
                  "state": "failed",
                  "speed": null,
                  "pass": false,
                  "fail": true,
                  "pending": false,
                  "context": null,
                  "code": "// this is an example of a custom command\n// defined in cypress/support/commands.js\ncy.createDefaultTodos().as('todos'); // even though the text content is split across\n// multiple <span> and <strong> elements\n// `cy.contains` can verify this correctly\ncy.get('.todo-count').contains('3 items left');\ncy.get('@todos').eq(0).find('label').should('contain', TODO_ITEM_ONE);\ncy.get('@todos').eq(1).find('label').should('contain', TODO_ITEM_TWO);\ncy.get('@todos').eq(2).find('label').should('contain', TODO_ITEM_THREE);",
                  "err": {
                    "message": "TypeError: cy.createDefaultTodos is not a function",
                    "estack": "TypeError: cy.createDefaultTodos is not a function\n./cypress/tests/app.cy.js/</</<@http://localhost:3000/__cypress/tests?p=cypress\\tests\\app.cy.js:170:10\n../driver/src/cypress/cy.ts/setRunnable/runnable.fn@http://localhost:3000/__cypress/runner/cypress_runner.js:157403:43\ncallFn@http://localhost:3000/__cypress/runner/cypress_runner.js:107865:21\n../driver/node_modules/mocha/lib/runnable.js/</Runnable.prototype.run@http://localhost:3000/__cypress/runner/cypress_runner.js:107852:13\n../driver/src/cypress/runner.ts/create/onRunnableRun/<@http://localhost:3000/__cypress/runner/cypress_runner.js:164676:30\nfinallyHandler@http://localhost:3000/__cypress/runner/cypress_runner.js:7872:23\ntryCatcher@http://localhost:3000/__cypress/runner/cypress_runner.js:11318:23\n../../node_modules/bluebird/js/release/promise.js/</module.exports/Promise.prototype._settlePromiseFromHandler@http://localhost:3000/__cypress/runner/cypress_runner.js:9253:31\n../../node_modules/bluebird/js/release/promise.js/</module.exports/Promise.prototype._settlePromise@http://localhost:3000/__cypress/runner/cypress_runner.js:9310:18\n../../node_modules/bluebird/js/release/promise.js/</module.exports/Promise.prototype._settlePromise0@http://localhost:3000/__cypress/runner/cypress_runner.js:9355:10\n../../node_modules/bluebird/js/release/promise.js/</module.exports/Promise.prototype._settlePromises@http://localhost:3000/__cypress/runner/cypress_runner.js:9435:18\n_drainQueueStep@http://localhost:3000/__cypress/runner/cypress_runner.js:6025:12\n_drainQueue@http://localhost:3000/__cypress/runner/cypress_runner.js:6018:24\n../../node_modules/bluebird/js/release/async.js/</Async.prototype._drainQueues@http://localhost:3000/__cypress/runner/cypress_runner.js:6034:16\n../../node_modules/bluebird/js/release/async.js/</Async/this.drainQueues@http://localhost:3000/__cypress/runner/cypress_runner.js:5904:14\n",
                    "diff": null
                  },
                  "uuid": "3a4cd2e0-4854-4649-a795-40a1c01bb144",
                  "parentUUID": "4fa8a699-339d-4f65-80bb-979e91a9002d",
                  "isHook": false,
                  "skipped": false
                },
                {
                  "title": "should show #main and #footer when items added",
                  "fullTitle": "TodoMVC - React New Todo should show #main and #footer when items added",
                  "timedOut": null,
                  "duration": 272,
                  "state": "failed",
                  "speed": null,
                  "pass": false,
                  "fail": true,
                  "pending": false,
                  "context": null,
                  "code": "cy.createTodo(TODO_ITEM_ONE);\ncy.get('.main').should('be.visible');\ncy.get('.footer').should('be.visible');",
                  "err": {
                    "message": "TypeError: cy.createTodo is not a function",
                    "estack": "TypeError: cy.createTodo is not a function\n./cypress/tests/app.cy.js/</</<@http://localhost:3000/__cypress/tests?p=cypress\\tests\\app.cy.js:180:10\n../driver/src/cypress/cy.ts/setRunnable/runnable.fn@http://localhost:3000/__cypress/runner/cypress_runner.js:157403:43\ncallFn@http://localhost:3000/__cypress/runner/cypress_runner.js:107865:21\n../driver/node_modules/mocha/lib/runnable.js/</Runnable.prototype.run@http://localhost:3000/__cypress/runner/cypress_runner.js:107852:13\n../driver/src/cypress/runner.ts/create/onRunnableRun/<@http://localhost:3000/__cypress/runner/cypress_runner.js:164676:30\nfinallyHandler@http://localhost:3000/__cypress/runner/cypress_runner.js:7872:23\ntryCatcher@http://localhost:3000/__cypress/runner/cypress_runner.js:11318:23\n../../node_modules/bluebird/js/release/promise.js/</module.exports/Promise.prototype._settlePromiseFromHandler@http://localhost:3000/__cypress/runner/cypress_runner.js:9253:31\n../../node_modules/bluebird/js/release/promise.js/</module.exports/Promise.prototype._settlePromise@http://localhost:3000/__cypress/runner/cypress_runner.js:9310:18\n../../node_modules/bluebird/js/release/promise.js/</module.exports/Promise.prototype._settlePromise0@http://localhost:3000/__cypress/runner/cypress_runner.js:9355:10\n../../node_modules/bluebird/js/release/promise.js/</module.exports/Promise.prototype._settlePromises@http://localhost:3000/__cypress/runner/cypress_runner.js:9435:18\n_drainQueueStep@http://localhost:3000/__cypress/runner/cypress_runner.js:6025:12\n_drainQueue@http://localhost:3000/__cypress/runner/cypress_runner.js:6018:24\n../../node_modules/bluebird/js/release/async.js/</Async.prototype._drainQueues@http://localhost:3000/__cypress/runner/cypress_runner.js:6034:16\n../../node_modules/bluebird/js/release/async.js/</Async/this.drainQueues@http://localhost:3000/__cypress/runner/cypress_runner.js:5904:14\n",
                    "diff": null
                  },
                  "uuid": "22553852-ed03-4c02-b7b4-ce82f23b789f",
                  "parentUUID": "4fa8a699-339d-4f65-80bb-979e91a9002d",
                  "isHook": false,
                  "skipped": false
                }
              ],
              "suites": [],
              "passes": [
                "389f4942-f945-4490-8d59-09da0072fba1",
                "e07dac8f-e313-4b67-8816-7699e51c226b",
                "24a9f21c-bdf7-454f-b58e-7e7506a9df27"
              ],
              "failures": [
                "3a4cd2e0-4854-4649-a795-40a1c01bb144",
                "22553852-ed03-4c02-b7b4-ce82f23b789f"
              ],
              "pending": [],
              "skipped": [],
              "duration": 3247,
              "root": false,
              "rootEmpty": false,
              "_timeout": 2000
            },
            {
              "uuid": "803a7b95-9367-42ee-b95c-8fbf7e1234fe",
              "title": "Mark all as completed",
              "fullFile": "",
              "file": "",
              "beforeHooks": [],
              "afterHooks": [],
              "tests": [
                {
                  "title": "should allow me to mark all items as completed",
                  "fullTitle": "TodoMVC - React Mark all as completed should allow me to mark all items as completed",
                  "timedOut": null,
                  "duration": 116,
                  "state": "failed",
                  "speed": null,
                  "pass": false,
                  "fail": true,
                  "pending": false,
                  "context": null,
                  "code": "// complete all todos\n// we use 'check' instead of 'click'\n// because that indicates our intention much clearer\ncy.get('.toggle-all').check(); // get each todo li and ensure its class is 'completed'\ncy.get('@todos').eq(0).should('have.class', 'completed');\ncy.get('@todos').eq(1).should('have.class', 'completed');\ncy.get('@todos').eq(2).should('have.class', 'completed');",
                  "err": {
                    "message": "TypeError: cy.createDefaultTodos is not a function\n\nBecause this error occurred during a `before each` hook we are skipping the remaining tests in the current suite: `Mark all as completed`",
                    "estack": "TypeError: cy.createDefaultTodos is not a function\n\nBecause this error occurred during a `before each` hook we are skipping the remaining tests in the current suite: `Mark all as completed`\n./cypress/tests/app.cy.js/</</<@http://localhost:3000/__cypress/tests?p=cypress\\tests\\app.cy.js:195:10\n../driver/src/cypress/cy.ts/setRunnable/runnable.fn@http://localhost:3000/__cypress/runner/cypress_runner.js:157403:43\ncallFn@http://localhost:3000/__cypress/runner/cypress_runner.js:107865:21\n../driver/node_modules/mocha/lib/runnable.js/</Runnable.prototype.run@http://localhost:3000/__cypress/runner/cypress_runner.js:107852:13\n../driver/src/cypress/runner.ts/create/onRunnableRun/<@http://localhost:3000/__cypress/runner/cypress_runner.js:164676:30\nfinallyHandler@http://localhost:3000/__cypress/runner/cypress_runner.js:7872:23\ntryCatcher@http://localhost:3000/__cypress/runner/cypress_runner.js:11318:23\n../../node_modules/bluebird/js/release/promise.js/</module.exports/Promise.prototype._settlePromiseFromHandler@http://localhost:3000/__cypress/runner/cypress_runner.js:9253:31\n../../node_modules/bluebird/js/release/promise.js/</module.exports/Promise.prototype._settlePromise@http://localhost:3000/__cypress/runner/cypress_runner.js:9310:18\n../../node_modules/bluebird/js/release/promise.js/</module.exports/Promise.prototype._settlePromise0@http://localhost:3000/__cypress/runner/cypress_runner.js:9355:10\n../../node_modules/bluebird/js/release/promise.js/</module.exports/Promise.prototype._settlePromises@http://localhost:3000/__cypress/runner/cypress_runner.js:9435:18\n_drainQueueStep@http://localhost:3000/__cypress/runner/cypress_runner.js:6025:12\n_drainQueue@http://localhost:3000/__cypress/runner/cypress_runner.js:6018:24\n../../node_modules/bluebird/js/release/async.js/</Async.prototype._drainQueues@http://localhost:3000/__cypress/runner/cypress_runner.js:6034:16\n../../node_modules/bluebird/js/release/async.js/</Async/this.drainQueues@http://localhost:3000/__cypress/runner/cypress_runner.js:5904:14\n",
                    "diff": null
                  },
                  "uuid": "53da6c71-7a9e-4edf-ba8e-b19184925fd3",
                  "parentUUID": "803a7b95-9367-42ee-b95c-8fbf7e1234fe",
                  "isHook": false,
                  "skipped": false
                },
                {
                  "title": "should allow me to clear the complete state of all items",
                  "fullTitle": "TodoMVC - React Mark all as completed should allow me to clear the complete state of all items",
                  "timedOut": null,
                  "duration": 0,
                  "state": "skipped",
                  "speed": null,
                  "pass": false,
                  "fail": false,
                  "pending": false,
                  "context": null,
                  "code": "// check and then immediately uncheck\ncy.get('.toggle-all').check().uncheck();\ncy.get('@todos').eq(0).should('not.have.class', 'completed');\ncy.get('@todos').eq(1).should('not.have.class', 'completed');\ncy.get('@todos').eq(2).should('not.have.class', 'completed');",
                  "err": {},
                  "uuid": "85d3bbc8-f774-4913-b726-6342bb288533",
                  "parentUUID": "803a7b95-9367-42ee-b95c-8fbf7e1234fe",
                  "isHook": false,
                  "skipped": true
                },
                {
                  "title": "complete all checkbox should update state when items are completed / cleared",
                  "fullTitle": "TodoMVC - React Mark all as completed complete all checkbox should update state when items are completed / cleared",
                  "timedOut": null,
                  "duration": 0,
                  "state": "skipped",
                  "speed": null,
                  "pass": false,
                  "fail": false,
                  "pending": false,
                  "context": null,
                  "code": "// alias the .toggle-all for reuse later\ncy.get('.toggle-all').as('toggleAll').check() // this assertion is silly here IMO but\n// it is what TodoMVC does\n.should('be.checked'); // alias the first todo and then click it\ncy.get('.todo-list li').eq(0).as('firstTodo').find('.toggle').uncheck(); // reference the .toggle-all element again\n// and make sure its not checked\ncy.get('@toggleAll').should('not.be.checked'); // reference the first todo again and now toggle it\ncy.get('@firstTodo').find('.toggle').check(); // assert the toggle all is checked again\ncy.get('@toggleAll').should('be.checked');",
                  "err": {},
                  "uuid": "258819de-7c56-4ddd-bbeb-2e76857c6fc0",
                  "parentUUID": "803a7b95-9367-42ee-b95c-8fbf7e1234fe",
                  "isHook": false,
                  "skipped": true
                }
              ],
              "suites": [],
              "passes": [],
              "failures": [
                "53da6c71-7a9e-4edf-ba8e-b19184925fd3"
              ],
              "pending": [],
              "skipped": [
                "85d3bbc8-f774-4913-b726-6342bb288533",
                "258819de-7c56-4ddd-bbeb-2e76857c6fc0"
              ],
              "duration": 116,
              "root": false,
              "rootEmpty": false,
              "_timeout": 2000
            },
            {
              "uuid": "2dfd691e-0557-4ea0-937a-5f0a9aaec82c",
              "title": "Item",
              "fullFile": "",
              "file": "",
              "beforeHooks": [],
              "afterHooks": [],
              "tests": [
                {
                  "title": "should allow me to mark items as complete",
                  "fullTitle": "TodoMVC - React Item should allow me to mark items as complete",
                  "timedOut": null,
                  "duration": 260,
                  "state": "failed",
                  "speed": null,
                  "pass": false,
                  "fail": true,
                  "pending": false,
                  "context": null,
                  "code": "// we are aliasing the return value of\n// our custom command 'createTodo'\n//\n// the return value is the <li> in the <ul.todos-list>\ncy.createTodo(TODO_ITEM_ONE).as('firstTodo');\ncy.createTodo(TODO_ITEM_TWO).as('secondTodo');\ncy.get('@firstTodo').find('.toggle').check();\ncy.get('@firstTodo').should('have.class', 'completed');\ncy.get('@secondTodo').should('not.have.class', 'completed');\ncy.get('@secondTodo').find('.toggle').check();\ncy.get('@firstTodo').should('have.class', 'completed');\ncy.get('@secondTodo').should('have.class', 'completed');",
                  "err": {
                    "message": "TypeError: cy.createTodo is not a function",
                    "estack": "TypeError: cy.createTodo is not a function\n./cypress/tests/app.cy.js/</</<@http://localhost:3000/__cypress/tests?p=cypress\\tests\\app.cy.js:238:10\n../driver/src/cypress/cy.ts/setRunnable/runnable.fn@http://localhost:3000/__cypress/runner/cypress_runner.js:157403:43\ncallFn@http://localhost:3000/__cypress/runner/cypress_runner.js:107865:21\n../driver/node_modules/mocha/lib/runnable.js/</Runnable.prototype.run@http://localhost:3000/__cypress/runner/cypress_runner.js:107852:13\n../driver/src/cypress/runner.ts/create/onRunnableRun/<@http://localhost:3000/__cypress/runner/cypress_runner.js:164676:30\nfinallyHandler@http://localhost:3000/__cypress/runner/cypress_runner.js:7872:23\ntryCatcher@http://localhost:3000/__cypress/runner/cypress_runner.js:11318:23\n../../node_modules/bluebird/js/release/promise.js/</module.exports/Promise.prototype._settlePromiseFromHandler@http://localhost:3000/__cypress/runner/cypress_runner.js:9253:31\n../../node_modules/bluebird/js/release/promise.js/</module.exports/Promise.prototype._settlePromise@http://localhost:3000/__cypress/runner/cypress_runner.js:9310:18\n../../node_modules/bluebird/js/release/promise.js/</module.exports/Promise.prototype._settlePromise0@http://localhost:3000/__cypress/runner/cypress_runner.js:9355:10\n../../node_modules/bluebird/js/release/promise.js/</module.exports/Promise.prototype._settlePromises@http://localhost:3000/__cypress/runner/cypress_runner.js:9435:18\n_drainQueueStep@http://localhost:3000/__cypress/runner/cypress_runner.js:6025:12\n_drainQueue@http://localhost:3000/__cypress/runner/cypress_runner.js:6018:24\n../../node_modules/bluebird/js/release/async.js/</Async.prototype._drainQueues@http://localhost:3000/__cypress/runner/cypress_runner.js:6034:16\n../../node_modules/bluebird/js/release/async.js/</Async/this.drainQueues@http://localhost:3000/__cypress/runner/cypress_runner.js:5904:14\n",
                    "diff": null
                  },
                  "uuid": "bd082942-bd0b-4229-903a-5c487df5dffc",
                  "parentUUID": "2dfd691e-0557-4ea0-937a-5f0a9aaec82c",
                  "isHook": false,
                  "skipped": false
                },
                {
                  "title": "should allow me to un-mark items as complete",
                  "fullTitle": "TodoMVC - React Item should allow me to un-mark items as complete",
                  "timedOut": null,
                  "duration": 242,
                  "state": "failed",
                  "speed": null,
                  "pass": false,
                  "fail": true,
                  "pending": false,
                  "context": null,
                  "code": "cy.createTodo(TODO_ITEM_ONE).as('firstTodo');\ncy.createTodo(TODO_ITEM_TWO).as('secondTodo');\ncy.get('@firstTodo').find('.toggle').check();\ncy.get('@firstTodo').should('have.class', 'completed');\ncy.get('@secondTodo').should('not.have.class', 'completed');\ncy.get('@firstTodo').find('.toggle').uncheck();\ncy.get('@firstTodo').should('not.have.class', 'completed');\ncy.get('@secondTodo').should('not.have.class', 'completed');",
                  "err": {
                    "message": "TypeError: cy.createTodo is not a function",
                    "estack": "TypeError: cy.createTodo is not a function\n./cypress/tests/app.cy.js/</</<@http://localhost:3000/__cypress/tests?p=cypress\\tests\\app.cy.js:248:10\n../driver/src/cypress/cy.ts/setRunnable/runnable.fn@http://localhost:3000/__cypress/runner/cypress_runner.js:157403:43\ncallFn@http://localhost:3000/__cypress/runner/cypress_runner.js:107865:21\n../driver/node_modules/mocha/lib/runnable.js/</Runnable.prototype.run@http://localhost:3000/__cypress/runner/cypress_runner.js:107852:13\n../driver/src/cypress/runner.ts/create/onRunnableRun/<@http://localhost:3000/__cypress/runner/cypress_runner.js:164676:30\nfinallyHandler@http://localhost:3000/__cypress/runner/cypress_runner.js:7872:23\ntryCatcher@http://localhost:3000/__cypress/runner/cypress_runner.js:11318:23\n../../node_modules/bluebird/js/release/promise.js/</module.exports/Promise.prototype._settlePromiseFromHandler@http://localhost:3000/__cypress/runner/cypress_runner.js:9253:31\n../../node_modules/bluebird/js/release/promise.js/</module.exports/Promise.prototype._settlePromise@http://localhost:3000/__cypress/runner/cypress_runner.js:9310:18\n../../node_modules/bluebird/js/release/promise.js/</module.exports/Promise.prototype._settlePromise0@http://localhost:3000/__cypress/runner/cypress_runner.js:9355:10\n../../node_modules/bluebird/js/release/promise.js/</module.exports/Promise.prototype._settlePromises@http://localhost:3000/__cypress/runner/cypress_runner.js:9435:18\n_drainQueueStep@http://localhost:3000/__cypress/runner/cypress_runner.js:6025:12\n_drainQueue@http://localhost:3000/__cypress/runner/cypress_runner.js:6018:24\n../../node_modules/bluebird/js/release/async.js/</Async.prototype._drainQueues@http://localhost:3000/__cypress/runner/cypress_runner.js:6034:16\n../../node_modules/bluebird/js/release/async.js/</Async/this.drainQueues@http://localhost:3000/__cypress/runner/cypress_runner.js:5904:14\n",
                    "diff": null
                  },
                  "uuid": "a66b3743-e7f8-4825-8074-ea9212e66f42",
                  "parentUUID": "2dfd691e-0557-4ea0-937a-5f0a9aaec82c",
                  "isHook": false,
                  "skipped": false
                },
                {
                  "title": "should allow me to edit an item",
                  "fullTitle": "TodoMVC - React Item should allow me to edit an item",
                  "timedOut": null,
                  "duration": 253,
                  "state": "failed",
                  "speed": null,
                  "pass": false,
                  "fail": true,
                  "pending": false,
                  "context": null,
                  "code": "cy.createDefaultTodos().as('todos');\ncy.get('@todos').eq(1).as('secondTodo') // TODO: fix this, dblclick should\n// have been issued to label\n.find('label').dblclick(); // clear out the inputs current value\n// and type a new value\ncy.get('@secondTodo').find('.edit').clear().type('buy some sausages').type('{enter}'); // explicitly assert about the text value\ncy.get('@todos').eq(0).should('contain', TODO_ITEM_ONE);\ncy.get('@secondTodo').should('contain', 'buy some sausages');\ncy.get('@todos').eq(2).should('contain', TODO_ITEM_THREE);",
                  "err": {
                    "message": "TypeError: cy.createDefaultTodos is not a function",
                    "estack": "TypeError: cy.createDefaultTodos is not a function\n./cypress/tests/app.cy.js/</</<@http://localhost:3000/__cypress/tests?p=cypress\\tests\\app.cy.js:258:10\n../driver/src/cypress/cy.ts/setRunnable/runnable.fn@http://localhost:3000/__cypress/runner/cypress_runner.js:157403:43\ncallFn@http://localhost:3000/__cypress/runner/cypress_runner.js:107865:21\n../driver/node_modules/mocha/lib/runnable.js/</Runnable.prototype.run@http://localhost:3000/__cypress/runner/cypress_runner.js:107852:13\n../driver/src/cypress/runner.ts/create/onRunnableRun/<@http://localhost:3000/__cypress/runner/cypress_runner.js:164676:30\nfinallyHandler@http://localhost:3000/__cypress/runner/cypress_runner.js:7872:23\ntryCatcher@http://localhost:3000/__cypress/runner/cypress_runner.js:11318:23\n../../node_modules/bluebird/js/release/promise.js/</module.exports/Promise.prototype._settlePromiseFromHandler@http://localhost:3000/__cypress/runner/cypress_runner.js:9253:31\n../../node_modules/bluebird/js/release/promise.js/</module.exports/Promise.prototype._settlePromise@http://localhost:3000/__cypress/runner/cypress_runner.js:9310:18\n../../node_modules/bluebird/js/release/promise.js/</module.exports/Promise.prototype._settlePromise0@http://localhost:3000/__cypress/runner/cypress_runner.js:9355:10\n../../node_modules/bluebird/js/release/promise.js/</module.exports/Promise.prototype._settlePromises@http://localhost:3000/__cypress/runner/cypress_runner.js:9435:18\n_drainQueueStep@http://localhost:3000/__cypress/runner/cypress_runner.js:6025:12\n_drainQueue@http://localhost:3000/__cypress/runner/cypress_runner.js:6018:24\n../../node_modules/bluebird/js/release/async.js/</Async.prototype._drainQueues@http://localhost:3000/__cypress/runner/cypress_runner.js:6034:16\n../../node_modules/bluebird/js/release/async.js/</Async/this.drainQueues@http://localhost:3000/__cypress/runner/cypress_runner.js:5904:14\n",
                    "diff": null
                  },
                  "uuid": "e8be1f74-19a5-40bf-8d4e-b8c57642818c",
                  "parentUUID": "2dfd691e-0557-4ea0-937a-5f0a9aaec82c",
                  "isHook": false,
                  "skipped": false
                }
              ],
              "suites": [],
              "passes": [],
              "failures": [
                "bd082942-bd0b-4229-903a-5c487df5dffc",
                "a66b3743-e7f8-4825-8074-ea9212e66f42",
                "e8be1f74-19a5-40bf-8d4e-b8c57642818c"
              ],
              "pending": [],
              "skipped": [],
              "duration": 755,
              "root": false,
              "rootEmpty": false,
              "_timeout": 2000
            },
            {
              "uuid": "b1b8ade2-4128-4828-b814-9254ff21c622",
              "title": "Editing",
              "fullFile": "",
              "file": "",
              "beforeHooks": [],
              "afterHooks": [],
              "tests": [
                {
                  "title": "should hide other controls when editing",
                  "fullTitle": "TodoMVC - React Editing should hide other controls when editing",
                  "timedOut": null,
                  "duration": 111,
                  "state": "failed",
                  "speed": null,
                  "pass": false,
                  "fail": true,
                  "pending": false,
                  "context": null,
                  "code": "cy.get('@todos').eq(1).as('secondTodo').find('label').dblclick();\ncy.get('@secondTodo').find('.toggle').should('not.be.visible');\ncy.get('@secondTodo').find('label').should('not.be.visible');",
                  "err": {
                    "message": "TypeError: cy.createDefaultTodos is not a function\n\nBecause this error occurred during a `before each` hook we are skipping the remaining tests in the current suite: `Editing`",
                    "estack": "TypeError: cy.createDefaultTodos is not a function\n\nBecause this error occurred during a `before each` hook we are skipping the remaining tests in the current suite: `Editing`\n./cypress/tests/app.cy.js/</</<@http://localhost:3000/__cypress/tests?p=cypress\\tests\\app.cy.js:275:10\n../driver/src/cypress/cy.ts/setRunnable/runnable.fn@http://localhost:3000/__cypress/runner/cypress_runner.js:157403:43\ncallFn@http://localhost:3000/__cypress/runner/cypress_runner.js:107865:21\n../driver/node_modules/mocha/lib/runnable.js/</Runnable.prototype.run@http://localhost:3000/__cypress/runner/cypress_runner.js:107852:13\n../driver/src/cypress/runner.ts/create/onRunnableRun/<@http://localhost:3000/__cypress/runner/cypress_runner.js:164676:30\nfinallyHandler@http://localhost:3000/__cypress/runner/cypress_runner.js:7872:23\ntryCatcher@http://localhost:3000/__cypress/runner/cypress_runner.js:11318:23\n../../node_modules/bluebird/js/release/promise.js/</module.exports/Promise.prototype._settlePromiseFromHandler@http://localhost:3000/__cypress/runner/cypress_runner.js:9253:31\n../../node_modules/bluebird/js/release/promise.js/</module.exports/Promise.prototype._settlePromise@http://localhost:3000/__cypress/runner/cypress_runner.js:9310:18\n../../node_modules/bluebird/js/release/promise.js/</module.exports/Promise.prototype._settlePromise0@http://localhost:3000/__cypress/runner/cypress_runner.js:9355:10\n../../node_modules/bluebird/js/release/promise.js/</module.exports/Promise.prototype._settlePromises@http://localhost:3000/__cypress/runner/cypress_runner.js:9435:18\n_drainQueueStep@http://localhost:3000/__cypress/runner/cypress_runner.js:6025:12\n_drainQueue@http://localhost:3000/__cypress/runner/cypress_runner.js:6018:24\n../../node_modules/bluebird/js/release/async.js/</Async.prototype._drainQueues@http://localhost:3000/__cypress/runner/cypress_runner.js:6034:16\n../../node_modules/bluebird/js/release/async.js/</Async/this.drainQueues@http://localhost:3000/__cypress/runner/cypress_runner.js:5904:14\n",
                    "diff": null
                  },
                  "uuid": "79e132d2-2d7a-4fe7-bb04-3ef946d449b8",
                  "parentUUID": "b1b8ade2-4128-4828-b814-9254ff21c622",
                  "isHook": false,
                  "skipped": false
                },
                {
                  "title": "should save edits on blur",
                  "fullTitle": "TodoMVC - React Editing should save edits on blur",
                  "timedOut": null,
                  "duration": 0,
                  "state": "skipped",
                  "speed": null,
                  "pass": false,
                  "fail": false,
                  "pending": false,
                  "context": null,
                  "code": "cy.get('@todos').eq(1).as('secondTodo').find('label').dblclick();\ncy.get('@secondTodo').find('.edit').clear().type('buy some sausages') // we can just send the blur event directly\n// to the input instead of having to click\n// on another button on the page. though you\n// could do that its just more mental work\n.blur();\ncy.get('@todos').eq(0).should('contain', TODO_ITEM_ONE);\ncy.get('@secondTodo').should('contain', 'buy some sausages');\ncy.get('@todos').eq(2).should('contain', TODO_ITEM_THREE);",
                  "err": {},
                  "uuid": "1aac4c25-76de-40ff-a430-024141c9f2aa",
                  "parentUUID": "b1b8ade2-4128-4828-b814-9254ff21c622",
                  "isHook": false,
                  "skipped": true
                },
                {
                  "title": "should trim entered text",
                  "fullTitle": "TodoMVC - React Editing should trim entered text",
                  "timedOut": null,
                  "duration": 0,
                  "state": "skipped",
                  "speed": null,
                  "pass": false,
                  "fail": false,
                  "pending": false,
                  "context": null,
                  "code": "cy.get('@todos').eq(1).as('secondTodo').find('label').dblclick();\ncy.get('@secondTodo').find('.edit').clear().type('    buy some sausages    ').type('{enter}');\ncy.get('@todos').eq(0).should('contain', TODO_ITEM_ONE);\ncy.get('@secondTodo').should('contain', 'buy some sausages');\ncy.get('@todos').eq(2).should('contain', TODO_ITEM_THREE);",
                  "err": {},
                  "uuid": "25b4f1fb-683f-42b6-a797-dd8bffd88721",
                  "parentUUID": "b1b8ade2-4128-4828-b814-9254ff21c622",
                  "isHook": false,
                  "skipped": true
                },
                {
                  "title": "should remove the item if an empty text string was entered",
                  "fullTitle": "TodoMVC - React Editing should remove the item if an empty text string was entered",
                  "timedOut": null,
                  "duration": 0,
                  "state": "skipped",
                  "speed": null,
                  "pass": false,
                  "fail": false,
                  "pending": false,
                  "context": null,
                  "code": "cy.get('@todos').eq(1).as('secondTodo').find('label').dblclick();\ncy.get('@secondTodo').find('.edit').clear().type('{enter}');\ncy.get('@todos').should('have.length', 2);",
                  "err": {},
                  "uuid": "6f0bf8ef-4bf7-432d-b4de-b5bb7db4bed0",
                  "parentUUID": "b1b8ade2-4128-4828-b814-9254ff21c622",
                  "isHook": false,
                  "skipped": true
                },
                {
                  "title": "should cancel edits on escape",
                  "fullTitle": "TodoMVC - React Editing should cancel edits on escape",
                  "timedOut": null,
                  "duration": 0,
                  "state": "skipped",
                  "speed": null,
                  "pass": false,
                  "fail": false,
                  "pending": false,
                  "context": null,
                  "code": "cy.get('@todos').eq(1).as('secondTodo').find('label').dblclick();\ncy.get('@secondTodo').find('.edit').clear().type('foo{esc}');\ncy.get('@todos').eq(0).should('contain', TODO_ITEM_ONE);\ncy.get('@todos').eq(1).should('contain', TODO_ITEM_TWO);\ncy.get('@todos').eq(2).should('contain', TODO_ITEM_THREE);",
                  "err": {},
                  "uuid": "ca3d56a4-a9ea-4dfe-aa75-db3bbe3901e2",
                  "parentUUID": "b1b8ade2-4128-4828-b814-9254ff21c622",
                  "isHook": false,
                  "skipped": true
                }
              ],
              "suites": [],
              "passes": [],
              "failures": [
                "79e132d2-2d7a-4fe7-bb04-3ef946d449b8"
              ],
              "pending": [],
              "skipped": [
                "1aac4c25-76de-40ff-a430-024141c9f2aa",
                "25b4f1fb-683f-42b6-a797-dd8bffd88721",
                "6f0bf8ef-4bf7-432d-b4de-b5bb7db4bed0",
                "ca3d56a4-a9ea-4dfe-aa75-db3bbe3901e2"
              ],
              "duration": 111,
              "root": false,
              "rootEmpty": false,
              "_timeout": 2000
            },
            {
              "uuid": "1b8195b2-6897-4822-b0d2-d0dd9c16b940",
              "title": "Counter",
              "fullFile": "",
              "file": "",
              "beforeHooks": [],
              "afterHooks": [],
              "tests": [
                {
                  "title": "should display the current number of todo items",
                  "fullTitle": "TodoMVC - React Counter should display the current number of todo items",
                  "timedOut": null,
                  "duration": 267,
                  "state": "failed",
                  "speed": null,
                  "pass": false,
                  "fail": true,
                  "pending": false,
                  "context": null,
                  "code": "cy.createTodo(TODO_ITEM_ONE);\ncy.get('.todo-count').contains('1 item left');\ncy.createTodo(TODO_ITEM_TWO);\ncy.get('.todo-count').contains('2 items left');",
                  "err": {
                    "message": "TypeError: cy.createTodo is not a function",
                    "estack": "TypeError: cy.createTodo is not a function\n./cypress/tests/app.cy.js/</</<@http://localhost:3000/__cypress/tests?p=cypress\\tests\\app.cy.js:315:10\n../driver/src/cypress/cy.ts/setRunnable/runnable.fn@http://localhost:3000/__cypress/runner/cypress_runner.js:157403:43\ncallFn@http://localhost:3000/__cypress/runner/cypress_runner.js:107865:21\n../driver/node_modules/mocha/lib/runnable.js/</Runnable.prototype.run@http://localhost:3000/__cypress/runner/cypress_runner.js:107852:13\n../driver/src/cypress/runner.ts/create/onRunnableRun/<@http://localhost:3000/__cypress/runner/cypress_runner.js:164676:30\nfinallyHandler@http://localhost:3000/__cypress/runner/cypress_runner.js:7872:23\ntryCatcher@http://localhost:3000/__cypress/runner/cypress_runner.js:11318:23\n../../node_modules/bluebird/js/release/promise.js/</module.exports/Promise.prototype._settlePromiseFromHandler@http://localhost:3000/__cypress/runner/cypress_runner.js:9253:31\n../../node_modules/bluebird/js/release/promise.js/</module.exports/Promise.prototype._settlePromise@http://localhost:3000/__cypress/runner/cypress_runner.js:9310:18\n../../node_modules/bluebird/js/release/promise.js/</module.exports/Promise.prototype._settlePromise0@http://localhost:3000/__cypress/runner/cypress_runner.js:9355:10\n../../node_modules/bluebird/js/release/promise.js/</module.exports/Promise.prototype._settlePromises@http://localhost:3000/__cypress/runner/cypress_runner.js:9435:18\n_drainQueueStep@http://localhost:3000/__cypress/runner/cypress_runner.js:6025:12\n_drainQueue@http://localhost:3000/__cypress/runner/cypress_runner.js:6018:24\n../../node_modules/bluebird/js/release/async.js/</Async.prototype._drainQueues@http://localhost:3000/__cypress/runner/cypress_runner.js:6034:16\n../../node_modules/bluebird/js/release/async.js/</Async/this.drainQueues@http://localhost:3000/__cypress/runner/cypress_runner.js:5904:14\n",
                    "diff": null
                  },
                  "uuid": "37a74614-73c9-4ab8-902b-274af87d8b98",
                  "parentUUID": "1b8195b2-6897-4822-b0d2-d0dd9c16b940",
                  "isHook": false,
                  "skipped": false
                }
              ],
              "suites": [],
              "passes": [],
              "failures": [
                "37a74614-73c9-4ab8-902b-274af87d8b98"
              ],
              "pending": [],
              "skipped": [],
              "duration": 267,
              "root": false,
              "rootEmpty": false,
              "_timeout": 2000
            },
            {
              "uuid": "9b049308-ea1d-4eff-b1fe-75c90c7ad271",
              "title": "Clear completed button",
              "fullFile": "",
              "file": "",
              "beforeHooks": [],
              "afterHooks": [],
              "tests": [
                {
                  "title": "should display the correct text",
                  "fullTitle": "TodoMVC - React Clear completed button should display the correct text",
                  "timedOut": null,
                  "duration": 107,
                  "state": "failed",
                  "speed": null,
                  "pass": false,
                  "fail": true,
                  "pending": false,
                  "context": null,
                  "code": "cy.get('@todos').eq(0).find('.toggle').check();\ncy.get('.clear-completed').contains('Clear completed');",
                  "err": {
                    "message": "TypeError: cy.createDefaultTodos is not a function\n\nBecause this error occurred during a `before each` hook we are skipping the remaining tests in the current suite: `Clear completed button`",
                    "estack": "TypeError: cy.createDefaultTodos is not a function\n\nBecause this error occurred during a `before each` hook we are skipping the remaining tests in the current suite: `Clear completed button`\n./cypress/tests/app.cy.js/</</<@http://localhost:3000/__cypress/tests?p=cypress\\tests\\app.cy.js:323:10\n../driver/src/cypress/cy.ts/setRunnable/runnable.fn@http://localhost:3000/__cypress/runner/cypress_runner.js:157403:43\ncallFn@http://localhost:3000/__cypress/runner/cypress_runner.js:107865:21\n../driver/node_modules/mocha/lib/runnable.js/</Runnable.prototype.run@http://localhost:3000/__cypress/runner/cypress_runner.js:107852:13\n../driver/src/cypress/runner.ts/create/onRunnableRun/<@http://localhost:3000/__cypress/runner/cypress_runner.js:164676:30\nfinallyHandler@http://localhost:3000/__cypress/runner/cypress_runner.js:7872:23\ntryCatcher@http://localhost:3000/__cypress/runner/cypress_runner.js:11318:23\n../../node_modules/bluebird/js/release/promise.js/</module.exports/Promise.prototype._settlePromiseFromHandler@http://localhost:3000/__cypress/runner/cypress_runner.js:9253:31\n../../node_modules/bluebird/js/release/promise.js/</module.exports/Promise.prototype._settlePromise@http://localhost:3000/__cypress/runner/cypress_runner.js:9310:18\n../../node_modules/bluebird/js/release/promise.js/</module.exports/Promise.prototype._settlePromise0@http://localhost:3000/__cypress/runner/cypress_runner.js:9355:10\n../../node_modules/bluebird/js/release/promise.js/</module.exports/Promise.prototype._settlePromises@http://localhost:3000/__cypress/runner/cypress_runner.js:9435:18\n_drainQueueStep@http://localhost:3000/__cypress/runner/cypress_runner.js:6025:12\n_drainQueue@http://localhost:3000/__cypress/runner/cypress_runner.js:6018:24\n../../node_modules/bluebird/js/release/async.js/</Async.prototype._drainQueues@http://localhost:3000/__cypress/runner/cypress_runner.js:6034:16\n../../node_modules/bluebird/js/release/async.js/</Async/this.drainQueues@http://localhost:3000/__cypress/runner/cypress_runner.js:5904:14\n",
                    "diff": null
                  },
                  "uuid": "bf69e015-6aa6-4044-8ed3-0825cf8adb5d",
                  "parentUUID": "9b049308-ea1d-4eff-b1fe-75c90c7ad271",
                  "isHook": false,
                  "skipped": false
                },
                {
                  "title": "should remove completed items when clicked",
                  "fullTitle": "TodoMVC - React Clear completed button should remove completed items when clicked",
                  "timedOut": null,
                  "duration": 0,
                  "state": "skipped",
                  "speed": null,
                  "pass": false,
                  "fail": false,
                  "pending": false,
                  "context": null,
                  "code": "cy.get('@todos').eq(1).find('.toggle').check();\ncy.get('.clear-completed').click();\ncy.get('@todos').should('have.length', 2);\ncy.get('@todos').eq(0).should('contain', TODO_ITEM_ONE);\ncy.get('@todos').eq(1).should('contain', TODO_ITEM_THREE);",
                  "err": {},
                  "uuid": "6accf0e0-e021-469a-a08f-61b25d0202c5",
                  "parentUUID": "9b049308-ea1d-4eff-b1fe-75c90c7ad271",
                  "isHook": false,
                  "skipped": true
                },
                {
                  "title": "should be hidden when there are no items that are completed",
                  "fullTitle": "TodoMVC - React Clear completed button should be hidden when there are no items that are completed",
                  "timedOut": null,
                  "duration": 0,
                  "state": "skipped",
                  "speed": null,
                  "pass": false,
                  "fail": false,
                  "pending": false,
                  "context": null,
                  "code": "cy.get('@todos').eq(1).find('.toggle').check();\ncy.get('.clear-completed').should('be.visible').click();\ncy.get('.clear-completed').should('not.exist');",
                  "err": {},
                  "uuid": "863143fd-e4e1-428d-8aaa-832780ad6495",
                  "parentUUID": "9b049308-ea1d-4eff-b1fe-75c90c7ad271",
                  "isHook": false,
                  "skipped": true
                }
              ],
              "suites": [],
              "passes": [],
              "failures": [
                "bf69e015-6aa6-4044-8ed3-0825cf8adb5d"
              ],
              "pending": [],
              "skipped": [
                "6accf0e0-e021-469a-a08f-61b25d0202c5",
                "863143fd-e4e1-428d-8aaa-832780ad6495"
              ],
              "duration": 107,
              "root": false,
              "rootEmpty": false,
              "_timeout": 2000
            },
            {
              "uuid": "ccc56aa7-d54c-4c6e-a408-ad4964ffbd7c",
              "title": "Persistence",
              "fullFile": "",
              "file": "",
              "beforeHooks": [],
              "afterHooks": [],
              "tests": [
                {
                  "title": "should persist its data",
                  "fullTitle": "TodoMVC - React Persistence should persist its data",
                  "timedOut": null,
                  "duration": 243,
                  "state": "failed",
                  "speed": null,
                  "pass": false,
                  "fail": true,
                  "pending": false,
                  "context": null,
                  "code": "// mimicking TodoMVC tests\n// by writing out this function\nfunction testState() {\n  cy.get('@firstTodo').should('contain', TODO_ITEM_ONE).and('have.class', 'completed');\n  cy.get('@secondTodo').should('contain', TODO_ITEM_TWO).and('not.have.class', 'completed');\n}\ncy.createTodo(TODO_ITEM_ONE).as('firstTodo');\ncy.createTodo(TODO_ITEM_TWO).as('secondTodo');\ncy.get('@firstTodo').find('.toggle').check().then(testState).reload().then(testState);",
                  "err": {
                    "message": "TypeError: cy.createTodo is not a function",
                    "estack": "TypeError: cy.createTodo is not a function\n./cypress/tests/app.cy.js/</</<@http://localhost:3000/__cypress/tests?p=cypress\\tests\\app.cy.js:351:10\n../driver/src/cypress/cy.ts/setRunnable/runnable.fn@http://localhost:3000/__cypress/runner/cypress_runner.js:157403:43\ncallFn@http://localhost:3000/__cypress/runner/cypress_runner.js:107865:21\n../driver/node_modules/mocha/lib/runnable.js/</Runnable.prototype.run@http://localhost:3000/__cypress/runner/cypress_runner.js:107852:13\n../driver/src/cypress/runner.ts/create/onRunnableRun/<@http://localhost:3000/__cypress/runner/cypress_runner.js:164676:30\nfinallyHandler@http://localhost:3000/__cypress/runner/cypress_runner.js:7872:23\ntryCatcher@http://localhost:3000/__cypress/runner/cypress_runner.js:11318:23\n../../node_modules/bluebird/js/release/promise.js/</module.exports/Promise.prototype._settlePromiseFromHandler@http://localhost:3000/__cypress/runner/cypress_runner.js:9253:31\n../../node_modules/bluebird/js/release/promise.js/</module.exports/Promise.prototype._settlePromise@http://localhost:3000/__cypress/runner/cypress_runner.js:9310:18\n../../node_modules/bluebird/js/release/promise.js/</module.exports/Promise.prototype._settlePromise0@http://localhost:3000/__cypress/runner/cypress_runner.js:9355:10\n../../node_modules/bluebird/js/release/promise.js/</module.exports/Promise.prototype._settlePromises@http://localhost:3000/__cypress/runner/cypress_runner.js:9435:18\n_drainQueueStep@http://localhost:3000/__cypress/runner/cypress_runner.js:6025:12\n_drainQueue@http://localhost:3000/__cypress/runner/cypress_runner.js:6018:24\n../../node_modules/bluebird/js/release/async.js/</Async.prototype._drainQueues@http://localhost:3000/__cypress/runner/cypress_runner.js:6034:16\n../../node_modules/bluebird/js/release/async.js/</Async/this.drainQueues@http://localhost:3000/__cypress/runner/cypress_runner.js:5904:14\n",
                    "diff": null
                  },
                  "uuid": "a1599eba-1e94-4759-a405-c24125b727e4",
                  "parentUUID": "ccc56aa7-d54c-4c6e-a408-ad4964ffbd7c",
                  "isHook": false,
                  "skipped": false
                }
              ],
              "suites": [],
              "passes": [],
              "failures": [
                "a1599eba-1e94-4759-a405-c24125b727e4"
              ],
              "pending": [],
              "skipped": [],
              "duration": 243,
              "root": false,
              "rootEmpty": false,
              "_timeout": 2000
            },
            {
              "uuid": "fe8a2e13-29fb-4991-889c-6bf6a8c91e68",
              "title": "Routing",
              "fullFile": "",
              "file": "",
              "beforeHooks": [],
              "afterHooks": [],
              "tests": [
                {
                  "title": "should allow me to display active items",
                  "fullTitle": "TodoMVC - React Routing should allow me to display active items",
                  "timedOut": null,
                  "duration": 125,
                  "state": "failed",
                  "speed": null,
                  "pass": false,
                  "fail": true,
                  "pending": false,
                  "context": null,
                  "code": "cy.get('@todos').eq(1).find('.toggle').check();\ncy.get('.filters').contains('Active').click();\ncy.get('@todos').eq(0).should('contain', TODO_ITEM_ONE);\ncy.get('@todos').eq(1).should('contain', TODO_ITEM_THREE);",
                  "err": {
                    "message": "TypeError: cy.createDefaultTodos is not a function\n\nBecause this error occurred during a `before each` hook we are skipping the remaining tests in the current suite: `Routing`",
                    "estack": "TypeError: cy.createDefaultTodos is not a function\n\nBecause this error occurred during a `before each` hook we are skipping the remaining tests in the current suite: `Routing`\n./cypress/tests/app.cy.js/</</<@http://localhost:3000/__cypress/tests?p=cypress\\tests\\app.cy.js:363:10\n../driver/src/cypress/cy.ts/setRunnable/runnable.fn@http://localhost:3000/__cypress/runner/cypress_runner.js:157403:43\ncallFn@http://localhost:3000/__cypress/runner/cypress_runner.js:107865:21\n../driver/node_modules/mocha/lib/runnable.js/</Runnable.prototype.run@http://localhost:3000/__cypress/runner/cypress_runner.js:107852:13\n../driver/src/cypress/runner.ts/create/onRunnableRun/<@http://localhost:3000/__cypress/runner/cypress_runner.js:164676:30\nfinallyHandler@http://localhost:3000/__cypress/runner/cypress_runner.js:7872:23\ntryCatcher@http://localhost:3000/__cypress/runner/cypress_runner.js:11318:23\n../../node_modules/bluebird/js/release/promise.js/</module.exports/Promise.prototype._settlePromiseFromHandler@http://localhost:3000/__cypress/runner/cypress_runner.js:9253:31\n../../node_modules/bluebird/js/release/promise.js/</module.exports/Promise.prototype._settlePromise@http://localhost:3000/__cypress/runner/cypress_runner.js:9310:18\n../../node_modules/bluebird/js/release/promise.js/</module.exports/Promise.prototype._settlePromise0@http://localhost:3000/__cypress/runner/cypress_runner.js:9355:10\n../../node_modules/bluebird/js/release/promise.js/</module.exports/Promise.prototype._settlePromises@http://localhost:3000/__cypress/runner/cypress_runner.js:9435:18\n_drainQueueStep@http://localhost:3000/__cypress/runner/cypress_runner.js:6025:12\n_drainQueue@http://localhost:3000/__cypress/runner/cypress_runner.js:6018:24\n../../node_modules/bluebird/js/release/async.js/</Async.prototype._drainQueues@http://localhost:3000/__cypress/runner/cypress_runner.js:6034:16\n../../node_modules/bluebird/js/release/async.js/</Async/this.drainQueues@http://localhost:3000/__cypress/runner/cypress_runner.js:5904:14\n",
                    "diff": null
                  },
                  "uuid": "cf5a3db4-e5ee-4d05-ba4e-66ef57a0bb01",
                  "parentUUID": "fe8a2e13-29fb-4991-889c-6bf6a8c91e68",
                  "isHook": false,
                  "skipped": false
                },
                {
                  "title": "should respect the back button",
                  "fullTitle": "TodoMVC - React Routing should respect the back button",
                  "timedOut": null,
                  "duration": 0,
                  "state": "skipped",
                  "speed": null,
                  "pass": false,
                  "fail": false,
                  "pending": false,
                  "context": null,
                  "code": "cy.get('@todos').eq(1).find('.toggle').check();\ncy.get('.filters').contains('Active').click();\ncy.get('.filters').contains('Completed').click();\ncy.get('@todos').should('have.length', 1);\ncy.go('back');\ncy.get('@todos').should('have.length', 2);\ncy.go('back');\ncy.get('@todos').should('have.length', 3);",
                  "err": {},
                  "uuid": "f0608da0-c67f-4239-9d4c-9a79da75563a",
                  "parentUUID": "fe8a2e13-29fb-4991-889c-6bf6a8c91e68",
                  "isHook": false,
                  "skipped": true
                },
                {
                  "title": "should allow me to display completed items",
                  "fullTitle": "TodoMVC - React Routing should allow me to display completed items",
                  "timedOut": null,
                  "duration": 0,
                  "state": "skipped",
                  "speed": null,
                  "pass": false,
                  "fail": false,
                  "pending": false,
                  "context": null,
                  "code": "cy.get('@todos').eq(1).find('.toggle').check();\ncy.get('.filters').contains('Completed').click();\ncy.get('@todos').should('have.length', 1);",
                  "err": {},
                  "uuid": "67535910-ca58-414c-8abe-76aade86b451",
                  "parentUUID": "fe8a2e13-29fb-4991-889c-6bf6a8c91e68",
                  "isHook": false,
                  "skipped": true
                },
                {
                  "title": "should allow me to display all items",
                  "fullTitle": "TodoMVC - React Routing should allow me to display all items",
                  "timedOut": null,
                  "duration": 0,
                  "state": "skipped",
                  "speed": null,
                  "pass": false,
                  "fail": false,
                  "pending": false,
                  "context": null,
                  "code": "cy.get('@todos').eq(1).find('.toggle').check();\ncy.get('.filters').contains('Active').click();\ncy.get('.filters').contains('Completed').click();\ncy.get('.filters').contains('All').click();\ncy.get('@todos').should('have.length', 3);",
                  "err": {},
                  "uuid": "a1edcde5-2b7d-452a-8e54-ff39ef1046af",
                  "parentUUID": "fe8a2e13-29fb-4991-889c-6bf6a8c91e68",
                  "isHook": false,
                  "skipped": true
                },
                {
                  "title": "should highlight the currently applied filter",
                  "fullTitle": "TodoMVC - React Routing should highlight the currently applied filter",
                  "timedOut": null,
                  "duration": 0,
                  "state": "skipped",
                  "speed": null,
                  "pass": false,
                  "fail": false,
                  "pending": false,
                  "context": null,
                  "code": "// using a within here which will automatically scope\n// nested 'cy' queries to our parent element <ul.filters>\ncy.get('.filters').within(function () {\n  cy.contains('All').should('have.class', 'selected');\n  cy.contains('Active').click().should('have.class', 'selected');\n  cy.contains('Completed').click().should('have.class', 'selected');\n});",
                  "err": {},
                  "uuid": "e46b3af5-d13a-4aa1-ba6c-3a5bca90c180",
                  "parentUUID": "fe8a2e13-29fb-4991-889c-6bf6a8c91e68",
                  "isHook": false,
                  "skipped": true
                }
              ],
              "suites": [],
              "passes": [],
              "failures": [
                "cf5a3db4-e5ee-4d05-ba4e-66ef57a0bb01"
              ],
              "pending": [],
              "skipped": [
                "f0608da0-c67f-4239-9d4c-9a79da75563a",
                "67535910-ca58-414c-8abe-76aade86b451",
                "a1edcde5-2b7d-452a-8e54-ff39ef1046af",
                "e46b3af5-d13a-4aa1-ba6c-3a5bca90c180"
              ],
              "duration": 125,
              "root": false,
              "rootEmpty": false,
              "_timeout": 2000
            }
          ],
          "passes": [],
          "failures": [],
          "pending": [],
          "skipped": [],
          "duration": 0,
          "root": false,
          "rootEmpty": false,
          "_timeout": 2000
        }
      ],
      "passes": [],
      "failures": [],
      "pending": [],
      "skipped": [],
      "duration": 0,
      "root": true,
      "rootEmpty": true,
      "_timeout": 2000
    }
  ],
  "meta": {
    "mocha": {
      "version": "7.0.1"
    },
    "mochawesome": {
      "options": {
        "quiet": false,
        "reportFilename": "mochawesome",
        "saveHtml": true,
        "saveJson": true,
        "consoleReporter": "spec",
        "useInlineDiffs": false,
        "code": true
      },
      "version": "7.1.3"
    },
    "marge": {
      "options": {
        "reportDir": "cypress/results/reports",
        "overwrite": false,
        "html": true,
        "json": true
      },
      "version": "6.2.0"
    }
  }
}